06-Jun-2017 08:36:46.518 INFO [main] org.apache.catalina.startup.VersionLoggerListener.log Server version:        Apache Tomcat/8.5.15
06-Jun-2017 08:36:46.522 INFO [main] org.apache.catalina.startup.VersionLoggerListener.log Server built:          May 5 2017 11:03:04 UTC
06-Jun-2017 08:36:46.522 INFO [main] org.apache.catalina.startup.VersionLoggerListener.log Server number:         8.5.15.0
06-Jun-2017 08:36:46.522 INFO [main] org.apache.catalina.startup.VersionLoggerListener.log OS Name:               Mac OS X
06-Jun-2017 08:36:46.522 INFO [main] org.apache.catalina.startup.VersionLoggerListener.log OS Version:            10.12.6
06-Jun-2017 08:36:46.522 INFO [main] org.apache.catalina.startup.VersionLoggerListener.log Architecture:          x86_64
06-Jun-2017 08:36:46.522 INFO [main] org.apache.catalina.startup.VersionLoggerListener.log Java Home:             /Library/Java/JavaVirtualMachines/jdk1.7.0_67.jdk/Contents/Home/jre
06-Jun-2017 08:36:46.522 INFO [main] org.apache.catalina.startup.VersionLoggerListener.log JVM Version:           1.7.0_67-b01
06-Jun-2017 08:36:46.523 INFO [main] org.apache.catalina.startup.VersionLoggerListener.log JVM Vendor:            Oracle Corporation
06-Jun-2017 08:36:46.523 INFO [main] org.apache.catalina.startup.VersionLoggerListener.log CATALINA_BASE:         /Users/caiomsouza/git/github.com/minerva-auto-mining/tomcat
06-Jun-2017 08:36:46.523 INFO [main] org.apache.catalina.startup.VersionLoggerListener.log CATALINA_HOME:         /Users/caiomsouza/git/github.com/minerva-auto-mining/tomcat
06-Jun-2017 08:36:46.524 INFO [main] org.apache.catalina.startup.VersionLoggerListener.log Command line argument: -Djava.util.logging.config.file=/Users/caiomsouza/git/github.com/minerva-auto-mining/tomcat/conf/logging.properties
06-Jun-2017 08:36:46.524 INFO [main] org.apache.catalina.startup.VersionLoggerListener.log Command line argument: -Djava.util.logging.manager=org.apache.juli.ClassLoaderLogManager
06-Jun-2017 08:36:46.524 INFO [main] org.apache.catalina.startup.VersionLoggerListener.log Command line argument: -Djdk.tls.ephemeralDHKeySize=2048
06-Jun-2017 08:36:46.524 INFO [main] org.apache.catalina.startup.VersionLoggerListener.log Command line argument: -Djava.protocol.handler.pkgs=org.apache.catalina.webresources
06-Jun-2017 08:36:46.524 INFO [main] org.apache.catalina.startup.VersionLoggerListener.log Command line argument: -Dcatalina.base=/Users/caiomsouza/git/github.com/minerva-auto-mining/tomcat
06-Jun-2017 08:36:46.524 INFO [main] org.apache.catalina.startup.VersionLoggerListener.log Command line argument: -Dcatalina.home=/Users/caiomsouza/git/github.com/minerva-auto-mining/tomcat
06-Jun-2017 08:36:46.524 INFO [main] org.apache.catalina.startup.VersionLoggerListener.log Command line argument: -Djava.io.tmpdir=/Users/caiomsouza/git/github.com/minerva-auto-mining/tomcat/temp
06-Jun-2017 08:36:46.524 INFO [main] org.apache.catalina.core.AprLifecycleListener.lifecycleEvent The APR based Apache Tomcat Native library which allows optimal performance in production environments was not found on the java.library.path: [/Users/caiomsouza/Library/Java/Extensions:/Library/Java/Extensions:/Network/Library/Java/Extensions:/System/Library/Java/Extensions:/usr/lib/java:.]
06-Jun-2017 08:36:46.757 INFO [main] org.apache.coyote.AbstractProtocol.init Initializing ProtocolHandler ["http-nio-8080"]
06-Jun-2017 08:36:46.787 INFO [main] org.apache.tomcat.util.net.NioSelectorPool.getSharedSelector Using a shared selector for servlet write/read
06-Jun-2017 08:36:46.790 INFO [main] org.apache.coyote.AbstractProtocol.init Initializing ProtocolHandler ["ajp-nio-8009"]
06-Jun-2017 08:36:46.791 INFO [main] org.apache.tomcat.util.net.NioSelectorPool.getSharedSelector Using a shared selector for servlet write/read
06-Jun-2017 08:36:46.792 INFO [main] org.apache.catalina.startup.Catalina.load Initialization processed in 824 ms
06-Jun-2017 08:36:46.821 INFO [main] org.apache.catalina.core.StandardService.startInternal Starting service [Catalina]
06-Jun-2017 08:36:46.821 INFO [main] org.apache.catalina.core.StandardEngine.startInternal Starting Servlet Engine: Apache Tomcat/8.5.15
06-Jun-2017 08:36:46.831 INFO [localhost-startStop-1] org.apache.catalina.startup.HostConfig.deployDirectory Deploying web application directory [/Users/caiomsouza/git/github.com/minerva-auto-mining/tomcat/webapps/docs]
06-Jun-2017 08:36:47.230 INFO [localhost-startStop-1] org.apache.catalina.startup.HostConfig.deployDirectory Deployment of web application directory [/Users/caiomsouza/git/github.com/minerva-auto-mining/tomcat/webapps/docs] has finished in [398] ms
06-Jun-2017 08:36:47.230 INFO [localhost-startStop-1] org.apache.catalina.startup.HostConfig.deployDirectory Deploying web application directory [/Users/caiomsouza/git/github.com/minerva-auto-mining/tomcat/webapps/examples]
06-Jun-2017 08:36:47.687 INFO [localhost-startStop-1] org.apache.catalina.startup.HostConfig.deployDirectory Deployment of web application directory [/Users/caiomsouza/git/github.com/minerva-auto-mining/tomcat/webapps/examples] has finished in [457] ms
06-Jun-2017 08:36:47.687 INFO [localhost-startStop-1] org.apache.catalina.startup.HostConfig.deployDirectory Deploying web application directory [/Users/caiomsouza/git/github.com/minerva-auto-mining/tomcat/webapps/host-manager]
06-Jun-2017 08:36:47.713 INFO [localhost-startStop-1] org.apache.catalina.startup.HostConfig.deployDirectory Deployment of web application directory [/Users/caiomsouza/git/github.com/minerva-auto-mining/tomcat/webapps/host-manager] has finished in [26] ms
06-Jun-2017 08:36:47.713 INFO [localhost-startStop-1] org.apache.catalina.startup.HostConfig.deployDirectory Deploying web application directory [/Users/caiomsouza/git/github.com/minerva-auto-mining/tomcat/webapps/manager]
06-Jun-2017 08:36:47.735 INFO [localhost-startStop-1] org.apache.catalina.startup.HostConfig.deployDirectory Deployment of web application directory [/Users/caiomsouza/git/github.com/minerva-auto-mining/tomcat/webapps/manager] has finished in [22] ms
06-Jun-2017 08:36:47.735 INFO [localhost-startStop-1] org.apache.catalina.startup.HostConfig.deployDirectory Deploying web application directory [/Users/caiomsouza/git/github.com/minerva-auto-mining/tomcat/webapps/ROOT]
06-Jun-2017 08:36:47.751 INFO [localhost-startStop-1] org.apache.catalina.startup.HostConfig.deployDirectory Deployment of web application directory [/Users/caiomsouza/git/github.com/minerva-auto-mining/tomcat/webapps/ROOT] has finished in [16] ms
06-Jun-2017 08:36:47.751 INFO [localhost-startStop-1] org.apache.catalina.startup.HostConfig.deployDirectory Deploying web application directory [/Users/caiomsouza/git/github.com/minerva-auto-mining/tomcat/webapps/webswing-2.4]
06-Jun-2017 08:36:47.777 INFO [localhost-startStop-1] org.apache.catalina.startup.HostConfig.deployDirectory Deployment of web application directory [/Users/caiomsouza/git/github.com/minerva-auto-mining/tomcat/webapps/webswing-2.4] has finished in [26] ms
06-Jun-2017 08:36:47.780 INFO [main] org.apache.coyote.AbstractProtocol.start Starting ProtocolHandler ["http-nio-8080"]
06-Jun-2017 08:36:47.787 INFO [main] org.apache.coyote.AbstractProtocol.start Starting ProtocolHandler ["ajp-nio-8009"]
06-Jun-2017 08:36:47.789 INFO [main] org.apache.catalina.startup.Catalina.start Server startup in 996 ms
06-Jun-2017 08:38:27.840 INFO [localhost-startStop-2] org.apache.catalina.startup.HostConfig.deployWAR Deploying web application archive [/Users/caiomsouza/git/github.com/minerva-auto-mining/tomcat/webapps/webswing-server.war]
06-Jun-2017 08:38:30.182 INFO [localhost-startStop-2] org.apache.jasper.servlet.TldScanner.scanJars At least one JAR was scanned for TLDs yet contained no TLDs. Enable debug logging for this logger for a complete list of JARs that were scanned but no TLDs were found in them. Skipping unneeded JARs during scanning can improve startup time and JSP compilation time.
06-Jun-2017 08:38:31.240 SEVERE [localhost-startStop-2] org.apache.catalina.core.StandardContext.startInternal One or more listeners failed to start. Full details will be found in the appropriate container log file
06-Jun-2017 08:38:31.240 SEVERE [localhost-startStop-2] org.apache.catalina.core.StandardContext.startInternal Context [/webswing-server] startup failed due to previous errors
06-Jun-2017 08:38:31.258 WARNING [localhost-startStop-2] org.apache.catalina.loader.WebappClassLoaderBase.clearReferencesThreads The web application [webswing-server] appears to have started a thread named [ActiveMQ NIO Worker 0] but has failed to stop it. This is very likely to create a memory leak. Stack trace of thread:
 sun.misc.Unsafe.park(Native Method)
 java.util.concurrent.locks.LockSupport.parkNanos(LockSupport.java:226)
 java.util.concurrent.SynchronousQueue$TransferStack.awaitFulfill(SynchronousQueue.java:460)
 java.util.concurrent.SynchronousQueue$TransferStack.transfer(SynchronousQueue.java:359)
 java.util.concurrent.SynchronousQueue.poll(SynchronousQueue.java:942)
 java.util.concurrent.ThreadPoolExecutor.getTask(ThreadPoolExecutor.java:1068)
 java.util.concurrent.ThreadPoolExecutor.runWorker(ThreadPoolExecutor.java:1130)
 java.util.concurrent.ThreadPoolExecutor$Worker.run(ThreadPoolExecutor.java:615)
 java.lang.Thread.run(Thread.java:745)
06-Jun-2017 08:38:31.264 INFO [localhost-startStop-2] org.apache.catalina.startup.HostConfig.deployWAR Deployment of web application archive [/Users/caiomsouza/git/github.com/minerva-auto-mining/tomcat/webapps/webswing-server.war] has finished in [3,424] ms
06-Jun-2017 08:39:21.220 INFO [main] org.apache.catalina.core.StandardServer.await A valid shutdown command was received via the shutdown port. Stopping the Server instance.
06-Jun-2017 08:39:21.221 INFO [main] org.apache.coyote.AbstractProtocol.pause Pausing ProtocolHandler ["http-nio-8080"]
06-Jun-2017 08:39:23.227 INFO [main] org.apache.coyote.AbstractProtocol.pause Pausing ProtocolHandler ["ajp-nio-8009"]
06-Jun-2017 08:39:25.231 INFO [main] org.apache.catalina.core.StandardService.stopInternal Stopping service [Catalina]
06-Jun-2017 08:39:25.259 INFO [main] org.apache.coyote.AbstractProtocol.stop Stopping ProtocolHandler ["http-nio-8080"]
06-Jun-2017 08:39:27.265 INFO [main] org.apache.coyote.AbstractProtocol.stop Stopping ProtocolHandler ["ajp-nio-8009"]
06-Jun-2017 08:39:27.534 INFO [main] org.apache.catalina.startup.VersionLoggerListener.log Server version:        Apache Tomcat/8.5.15
06-Jun-2017 08:39:27.536 INFO [main] org.apache.catalina.startup.VersionLoggerListener.log Server built:          May 5 2017 11:03:04 UTC
06-Jun-2017 08:39:27.536 INFO [main] org.apache.catalina.startup.VersionLoggerListener.log Server number:         8.5.15.0
06-Jun-2017 08:39:27.536 INFO [main] org.apache.catalina.startup.VersionLoggerListener.log OS Name:               Mac OS X
06-Jun-2017 08:39:27.536 INFO [main] org.apache.catalina.startup.VersionLoggerListener.log OS Version:            10.12.6
06-Jun-2017 08:39:27.536 INFO [main] org.apache.catalina.startup.VersionLoggerListener.log Architecture:          x86_64
06-Jun-2017 08:39:27.536 INFO [main] org.apache.catalina.startup.VersionLoggerListener.log Java Home:             /Library/Java/JavaVirtualMachines/jdk1.7.0_67.jdk/Contents/Home/jre
06-Jun-2017 08:39:27.537 INFO [main] org.apache.catalina.startup.VersionLoggerListener.log JVM Version:           1.7.0_67-b01
06-Jun-2017 08:39:27.537 INFO [main] org.apache.catalina.startup.VersionLoggerListener.log JVM Vendor:            Oracle Corporation
06-Jun-2017 08:39:27.537 INFO [main] org.apache.catalina.startup.VersionLoggerListener.log CATALINA_BASE:         /Users/caiomsouza/git/github.com/minerva-auto-mining/tomcat
06-Jun-2017 08:39:27.537 INFO [main] org.apache.catalina.startup.VersionLoggerListener.log CATALINA_HOME:         /Users/caiomsouza/git/github.com/minerva-auto-mining/tomcat
06-Jun-2017 08:39:27.537 INFO [main] org.apache.catalina.startup.VersionLoggerListener.log Command line argument: -Djava.util.logging.config.file=/Users/caiomsouza/git/github.com/minerva-auto-mining/tomcat/conf/logging.properties
06-Jun-2017 08:39:27.538 INFO [main] org.apache.catalina.startup.VersionLoggerListener.log Command line argument: -Djava.util.logging.manager=org.apache.juli.ClassLoaderLogManager
06-Jun-2017 08:39:27.538 INFO [main] org.apache.catalina.startup.VersionLoggerListener.log Command line argument: -Djdk.tls.ephemeralDHKeySize=2048
06-Jun-2017 08:39:27.538 INFO [main] org.apache.catalina.startup.VersionLoggerListener.log Command line argument: -Djava.protocol.handler.pkgs=org.apache.catalina.webresources
06-Jun-2017 08:39:27.538 INFO [main] org.apache.catalina.startup.VersionLoggerListener.log Command line argument: -Dcatalina.base=/Users/caiomsouza/git/github.com/minerva-auto-mining/tomcat
06-Jun-2017 08:39:27.538 INFO [main] org.apache.catalina.startup.VersionLoggerListener.log Command line argument: -Dcatalina.home=/Users/caiomsouza/git/github.com/minerva-auto-mining/tomcat
06-Jun-2017 08:39:27.538 INFO [main] org.apache.catalina.startup.VersionLoggerListener.log Command line argument: -Djava.io.tmpdir=/Users/caiomsouza/git/github.com/minerva-auto-mining/tomcat/temp
06-Jun-2017 08:39:27.538 INFO [main] org.apache.catalina.core.AprLifecycleListener.lifecycleEvent The APR based Apache Tomcat Native library which allows optimal performance in production environments was not found on the java.library.path: [/Users/caiomsouza/Library/Java/Extensions:/Library/Java/Extensions:/Network/Library/Java/Extensions:/System/Library/Java/Extensions:/usr/lib/java:.]
06-Jun-2017 08:39:27.639 INFO [main] org.apache.coyote.AbstractProtocol.init Initializing ProtocolHandler ["http-nio-8080"]
06-Jun-2017 08:39:27.657 SEVERE [main] org.apache.coyote.AbstractProtocol.init Failed to initialize end point associated with ProtocolHandler ["http-nio-8080"]
 java.net.BindException: Address already in use
	at sun.nio.ch.Net.bind0(Native Method)
	at sun.nio.ch.Net.bind(Net.java:444)
	at sun.nio.ch.Net.bind(Net.java:436)
	at sun.nio.ch.ServerSocketChannelImpl.bind(ServerSocketChannelImpl.java:214)
	at sun.nio.ch.ServerSocketAdaptor.bind(ServerSocketAdaptor.java:74)
	at org.apache.tomcat.util.net.NioEndpoint.bind(NioEndpoint.java:210)
	at org.apache.tomcat.util.net.AbstractEndpoint.init(AbstractEndpoint.java:970)
	at org.apache.tomcat.util.net.AbstractJsseEndpoint.init(AbstractJsseEndpoint.java:244)
	at org.apache.coyote.AbstractProtocol.init(AbstractProtocol.java:613)
	at org.apache.coyote.http11.AbstractHttp11Protocol.init(AbstractHttp11Protocol.java:66)
	at org.apache.catalina.connector.Connector.initInternal(Connector.java:997)
	at org.apache.catalina.util.LifecycleBase.init(LifecycleBase.java:107)
	at org.apache.catalina.core.StandardService.initInternal(StandardService.java:549)
	at org.apache.catalina.util.LifecycleBase.init(LifecycleBase.java:107)
	at org.apache.catalina.core.StandardServer.initInternal(StandardServer.java:875)
	at org.apache.catalina.util.LifecycleBase.init(LifecycleBase.java:107)
	at org.apache.catalina.startup.Catalina.load(Catalina.java:607)
	at org.apache.catalina.startup.Catalina.load(Catalina.java:630)
	at sun.reflect.NativeMethodAccessorImpl.invoke0(Native Method)
	at sun.reflect.NativeMethodAccessorImpl.invoke(NativeMethodAccessorImpl.java:57)
	at sun.reflect.DelegatingMethodAccessorImpl.invoke(DelegatingMethodAccessorImpl.java:43)
	at java.lang.reflect.Method.invoke(Method.java:606)
	at org.apache.catalina.startup.Bootstrap.load(Bootstrap.java:311)
	at org.apache.catalina.startup.Bootstrap.main(Bootstrap.java:494)

06-Jun-2017 08:39:27.658 SEVERE [main] org.apache.catalina.core.StandardService.initInternal Failed to initialize connector [Connector[HTTP/1.1-8080]]
 org.apache.catalina.LifecycleException: Failed to initialize component [Connector[HTTP/1.1-8080]]
	at org.apache.catalina.util.LifecycleBase.init(LifecycleBase.java:112)
	at org.apache.catalina.core.StandardService.initInternal(StandardService.java:549)
	at org.apache.catalina.util.LifecycleBase.init(LifecycleBase.java:107)
	at org.apache.catalina.core.StandardServer.initInternal(StandardServer.java:875)
	at org.apache.catalina.util.LifecycleBase.init(LifecycleBase.java:107)
	at org.apache.catalina.startup.Catalina.load(Catalina.java:607)
	at org.apache.catalina.startup.Catalina.load(Catalina.java:630)
	at sun.reflect.NativeMethodAccessorImpl.invoke0(Native Method)
	at sun.reflect.NativeMethodAccessorImpl.invoke(NativeMethodAccessorImpl.java:57)
	at sun.reflect.DelegatingMethodAccessorImpl.invoke(DelegatingMethodAccessorImpl.java:43)
	at java.lang.reflect.Method.invoke(Method.java:606)
	at org.apache.catalina.startup.Bootstrap.load(Bootstrap.java:311)
	at org.apache.catalina.startup.Bootstrap.main(Bootstrap.java:494)
Caused by: org.apache.catalina.LifecycleException: Protocol handler initialization failed
	at org.apache.catalina.connector.Connector.initInternal(Connector.java:999)
	at org.apache.catalina.util.LifecycleBase.init(LifecycleBase.java:107)
	... 12 more
Caused by: java.net.BindException: Address already in use
	at sun.nio.ch.Net.bind0(Native Method)
	at sun.nio.ch.Net.bind(Net.java:444)
	at sun.nio.ch.Net.bind(Net.java:436)
	at sun.nio.ch.ServerSocketChannelImpl.bind(ServerSocketChannelImpl.java:214)
	at sun.nio.ch.ServerSocketAdaptor.bind(ServerSocketAdaptor.java:74)
	at org.apache.tomcat.util.net.NioEndpoint.bind(NioEndpoint.java:210)
	at org.apache.tomcat.util.net.AbstractEndpoint.init(AbstractEndpoint.java:970)
	at org.apache.tomcat.util.net.AbstractJsseEndpoint.init(AbstractJsseEndpoint.java:244)
	at org.apache.coyote.AbstractProtocol.init(AbstractProtocol.java:613)
	at org.apache.coyote.http11.AbstractHttp11Protocol.init(AbstractHttp11Protocol.java:66)
	at org.apache.catalina.connector.Connector.initInternal(Connector.java:997)
	... 13 more

06-Jun-2017 08:39:27.659 INFO [main] org.apache.coyote.AbstractProtocol.init Initializing ProtocolHandler ["ajp-nio-8009"]
06-Jun-2017 08:39:27.661 SEVERE [main] org.apache.coyote.AbstractProtocol.init Failed to initialize end point associated with ProtocolHandler ["ajp-nio-8009"]
 java.net.BindException: Address already in use
	at sun.nio.ch.Net.bind0(Native Method)
	at sun.nio.ch.Net.bind(Net.java:444)
	at sun.nio.ch.Net.bind(Net.java:436)
	at sun.nio.ch.ServerSocketChannelImpl.bind(ServerSocketChannelImpl.java:214)
	at sun.nio.ch.ServerSocketAdaptor.bind(ServerSocketAdaptor.java:74)
	at org.apache.tomcat.util.net.NioEndpoint.bind(NioEndpoint.java:210)
	at org.apache.tomcat.util.net.AbstractEndpoint.init(AbstractEndpoint.java:970)
	at org.apache.tomcat.util.net.AbstractJsseEndpoint.init(AbstractJsseEndpoint.java:244)
	at org.apache.coyote.AbstractProtocol.init(AbstractProtocol.java:613)
	at org.apache.catalina.connector.Connector.initInternal(Connector.java:997)
	at org.apache.catalina.util.LifecycleBase.init(LifecycleBase.java:107)
	at org.apache.catalina.core.StandardService.initInternal(StandardService.java:549)
	at org.apache.catalina.util.LifecycleBase.init(LifecycleBase.java:107)
	at org.apache.catalina.core.StandardServer.initInternal(StandardServer.java:875)
	at org.apache.catalina.util.LifecycleBase.init(LifecycleBase.java:107)
	at org.apache.catalina.startup.Catalina.load(Catalina.java:607)
	at org.apache.catalina.startup.Catalina.load(Catalina.java:630)
	at sun.reflect.NativeMethodAccessorImpl.invoke0(Native Method)
	at sun.reflect.NativeMethodAccessorImpl.invoke(NativeMethodAccessorImpl.java:57)
	at sun.reflect.DelegatingMethodAccessorImpl.invoke(DelegatingMethodAccessorImpl.java:43)
	at java.lang.reflect.Method.invoke(Method.java:606)
	at org.apache.catalina.startup.Bootstrap.load(Bootstrap.java:311)
	at org.apache.catalina.startup.Bootstrap.main(Bootstrap.java:494)

06-Jun-2017 08:39:27.662 SEVERE [main] org.apache.catalina.core.StandardService.initInternal Failed to initialize connector [Connector[AJP/1.3-8009]]
 org.apache.catalina.LifecycleException: Failed to initialize component [Connector[AJP/1.3-8009]]
	at org.apache.catalina.util.LifecycleBase.init(LifecycleBase.java:112)
	at org.apache.catalina.core.StandardService.initInternal(StandardService.java:549)
	at org.apache.catalina.util.LifecycleBase.init(LifecycleBase.java:107)
	at org.apache.catalina.core.StandardServer.initInternal(StandardServer.java:875)
	at org.apache.catalina.util.LifecycleBase.init(LifecycleBase.java:107)
	at org.apache.catalina.startup.Catalina.load(Catalina.java:607)
	at org.apache.catalina.startup.Catalina.load(Catalina.java:630)
	at sun.reflect.NativeMethodAccessorImpl.invoke0(Native Method)
	at sun.reflect.NativeMethodAccessorImpl.invoke(NativeMethodAccessorImpl.java:57)
	at sun.reflect.DelegatingMethodAccessorImpl.invoke(DelegatingMethodAccessorImpl.java:43)
	at java.lang.reflect.Method.invoke(Method.java:606)
	at org.apache.catalina.startup.Bootstrap.load(Bootstrap.java:311)
	at org.apache.catalina.startup.Bootstrap.main(Bootstrap.java:494)
Caused by: org.apache.catalina.LifecycleException: Protocol handler initialization failed
	at org.apache.catalina.connector.Connector.initInternal(Connector.java:999)
	at org.apache.catalina.util.LifecycleBase.init(LifecycleBase.java:107)
	... 12 more
Caused by: java.net.BindException: Address already in use
	at sun.nio.ch.Net.bind0(Native Method)
	at sun.nio.ch.Net.bind(Net.java:444)
	at sun.nio.ch.Net.bind(Net.java:436)
	at sun.nio.ch.ServerSocketChannelImpl.bind(ServerSocketChannelImpl.java:214)
	at sun.nio.ch.ServerSocketAdaptor.bind(ServerSocketAdaptor.java:74)
	at org.apache.tomcat.util.net.NioEndpoint.bind(NioEndpoint.java:210)
	at org.apache.tomcat.util.net.AbstractEndpoint.init(AbstractEndpoint.java:970)
	at org.apache.tomcat.util.net.AbstractJsseEndpoint.init(AbstractJsseEndpoint.java:244)
	at org.apache.coyote.AbstractProtocol.init(AbstractProtocol.java:613)
	at org.apache.catalina.connector.Connector.initInternal(Connector.java:997)
	... 13 more

06-Jun-2017 08:39:27.662 INFO [main] org.apache.catalina.startup.Catalina.load Initialization processed in 494 ms
06-Jun-2017 08:39:27.688 INFO [main] org.apache.catalina.core.StandardService.startInternal Starting service [Catalina]
06-Jun-2017 08:39:27.688 INFO [main] org.apache.catalina.core.StandardEngine.startInternal Starting Servlet Engine: Apache Tomcat/8.5.15
06-Jun-2017 08:39:27.712 INFO [localhost-startStop-1] org.apache.catalina.startup.HostConfig.deployWAR Deploying web application archive [/Users/caiomsouza/git/github.com/minerva-auto-mining/tomcat/webapps/webswing-server.war]
06-Jun-2017 08:39:29.269 INFO [main] org.apache.coyote.AbstractProtocol.destroy Destroying ProtocolHandler ["http-nio-8080"]
06-Jun-2017 08:39:29.269 INFO [main] org.apache.coyote.AbstractProtocol.destroy Destroying ProtocolHandler ["ajp-nio-8009"]
06-Jun-2017 08:39:29.431 INFO [localhost-startStop-1] org.apache.jasper.servlet.TldScanner.scanJars At least one JAR was scanned for TLDs yet contained no TLDs. Enable debug logging for this logger for a complete list of JARs that were scanned but no TLDs were found in them. Skipping unneeded JARs during scanning can improve startup time and JSP compilation time.
06-Jun-2017 08:39:30.335 SEVERE [localhost-startStop-1] org.apache.catalina.core.StandardContext.startInternal One or more listeners failed to start. Full details will be found in the appropriate container log file
06-Jun-2017 08:39:30.339 SEVERE [localhost-startStop-1] org.apache.catalina.core.StandardContext.startInternal Context [/webswing-server] startup failed due to previous errors
06-Jun-2017 08:39:30.355 WARNING [localhost-startStop-1] org.apache.catalina.loader.WebappClassLoaderBase.clearReferencesThreads The web application [webswing-server] appears to have started a thread named [Selector Worker: 0] but has failed to stop it. This is very likely to create a memory leak. Stack trace of thread:
 sun.nio.ch.SelectorImpl.implCloseSelector(SelectorImpl.java:110)
 java.nio.channels.spi.AbstractSelector.close(AbstractSelector.java:108)
 org.apache.activemq.transport.nio.SelectorWorker.run(SelectorWorker.java:143)
 java.util.concurrent.ThreadPoolExecutor.runWorker(ThreadPoolExecutor.java:1145)
 java.util.concurrent.ThreadPoolExecutor$Worker.run(ThreadPoolExecutor.java:615)
 java.lang.Thread.run(Thread.java:745)
06-Jun-2017 08:39:30.358 INFO [localhost-startStop-1] org.apache.catalina.startup.HostConfig.deployWAR Deployment of web application archive [/Users/caiomsouza/git/github.com/minerva-auto-mining/tomcat/webapps/webswing-server.war] has finished in [2,646] ms
06-Jun-2017 08:39:30.359 INFO [localhost-startStop-1] org.apache.catalina.startup.HostConfig.deployDirectory Deploying web application directory [/Users/caiomsouza/git/github.com/minerva-auto-mining/tomcat/webapps/docs]
06-Jun-2017 08:39:30.381 INFO [localhost-startStop-1] org.apache.catalina.startup.HostConfig.deployDirectory Deployment of web application directory [/Users/caiomsouza/git/github.com/minerva-auto-mining/tomcat/webapps/docs] has finished in [22] ms
06-Jun-2017 08:39:30.382 INFO [localhost-startStop-1] org.apache.catalina.startup.HostConfig.deployDirectory Deploying web application directory [/Users/caiomsouza/git/github.com/minerva-auto-mining/tomcat/webapps/examples]
06-Jun-2017 08:39:30.547 INFO [localhost-startStop-1] org.apache.catalina.startup.HostConfig.deployDirectory Deployment of web application directory [/Users/caiomsouza/git/github.com/minerva-auto-mining/tomcat/webapps/examples] has finished in [165] ms
06-Jun-2017 08:39:30.547 INFO [localhost-startStop-1] org.apache.catalina.startup.HostConfig.deployDirectory Deploying web application directory [/Users/caiomsouza/git/github.com/minerva-auto-mining/tomcat/webapps/host-manager]
06-Jun-2017 08:39:30.568 INFO [localhost-startStop-1] org.apache.catalina.startup.HostConfig.deployDirectory Deployment of web application directory [/Users/caiomsouza/git/github.com/minerva-auto-mining/tomcat/webapps/host-manager] has finished in [21] ms
06-Jun-2017 08:39:30.569 INFO [localhost-startStop-1] org.apache.catalina.startup.HostConfig.deployDirectory Deploying web application directory [/Users/caiomsouza/git/github.com/minerva-auto-mining/tomcat/webapps/manager]
06-Jun-2017 08:39:30.585 INFO [localhost-startStop-1] org.apache.catalina.startup.HostConfig.deployDirectory Deployment of web application directory [/Users/caiomsouza/git/github.com/minerva-auto-mining/tomcat/webapps/manager] has finished in [16] ms
06-Jun-2017 08:39:30.586 INFO [localhost-startStop-1] org.apache.catalina.startup.HostConfig.deployDirectory Deploying web application directory [/Users/caiomsouza/git/github.com/minerva-auto-mining/tomcat/webapps/ROOT]
06-Jun-2017 08:39:30.600 INFO [localhost-startStop-1] org.apache.catalina.startup.HostConfig.deployDirectory Deployment of web application directory [/Users/caiomsouza/git/github.com/minerva-auto-mining/tomcat/webapps/ROOT] has finished in [15] ms
06-Jun-2017 08:39:30.601 INFO [localhost-startStop-1] org.apache.catalina.startup.HostConfig.deployDirectory Deploying web application directory [/Users/caiomsouza/git/github.com/minerva-auto-mining/tomcat/webapps/webswing-2.4]
06-Jun-2017 08:39:30.615 INFO [localhost-startStop-1] org.apache.catalina.startup.HostConfig.deployDirectory Deployment of web application directory [/Users/caiomsouza/git/github.com/minerva-auto-mining/tomcat/webapps/webswing-2.4] has finished in [14] ms
06-Jun-2017 08:39:30.618 INFO [main] org.apache.catalina.startup.Catalina.start Server startup in 2955 ms
06-Jun-2017 08:40:45.930 INFO [main] org.apache.catalina.startup.VersionLoggerListener.log Server version:        Apache Tomcat/8.5.15
06-Jun-2017 08:40:45.931 INFO [main] org.apache.catalina.startup.VersionLoggerListener.log Server built:          May 5 2017 11:03:04 UTC
06-Jun-2017 08:40:45.932 INFO [main] org.apache.catalina.startup.VersionLoggerListener.log Server number:         8.5.15.0
06-Jun-2017 08:40:45.932 INFO [main] org.apache.catalina.startup.VersionLoggerListener.log OS Name:               Mac OS X
06-Jun-2017 08:40:45.932 INFO [main] org.apache.catalina.startup.VersionLoggerListener.log OS Version:            10.12.6
06-Jun-2017 08:40:45.932 INFO [main] org.apache.catalina.startup.VersionLoggerListener.log Architecture:          x86_64
06-Jun-2017 08:40:45.932 INFO [main] org.apache.catalina.startup.VersionLoggerListener.log Java Home:             /Library/Java/JavaVirtualMachines/jdk1.7.0_67.jdk/Contents/Home/jre
06-Jun-2017 08:40:45.932 INFO [main] org.apache.catalina.startup.VersionLoggerListener.log JVM Version:           1.7.0_67-b01
06-Jun-2017 08:40:45.932 INFO [main] org.apache.catalina.startup.VersionLoggerListener.log JVM Vendor:            Oracle Corporation
06-Jun-2017 08:40:45.932 INFO [main] org.apache.catalina.startup.VersionLoggerListener.log CATALINA_BASE:         /Users/caiomsouza/git/github.com/minerva-auto-mining/tomcat
06-Jun-2017 08:40:45.932 INFO [main] org.apache.catalina.startup.VersionLoggerListener.log CATALINA_HOME:         /Users/caiomsouza/git/github.com/minerva-auto-mining/tomcat
06-Jun-2017 08:40:45.933 INFO [main] org.apache.catalina.startup.VersionLoggerListener.log Command line argument: -Djava.util.logging.config.file=/Users/caiomsouza/git/github.com/minerva-auto-mining/tomcat/conf/logging.properties
06-Jun-2017 08:40:45.933 INFO [main] org.apache.catalina.startup.VersionLoggerListener.log Command line argument: -Djava.util.logging.manager=org.apache.juli.ClassLoaderLogManager
06-Jun-2017 08:40:45.933 INFO [main] org.apache.catalina.startup.VersionLoggerListener.log Command line argument: -Djdk.tls.ephemeralDHKeySize=2048
06-Jun-2017 08:40:45.933 INFO [main] org.apache.catalina.startup.VersionLoggerListener.log Command line argument: -Djava.protocol.handler.pkgs=org.apache.catalina.webresources
06-Jun-2017 08:40:45.933 INFO [main] org.apache.catalina.startup.VersionLoggerListener.log Command line argument: -Dcatalina.base=/Users/caiomsouza/git/github.com/minerva-auto-mining/tomcat
06-Jun-2017 08:40:45.933 INFO [main] org.apache.catalina.startup.VersionLoggerListener.log Command line argument: -Dcatalina.home=/Users/caiomsouza/git/github.com/minerva-auto-mining/tomcat
06-Jun-2017 08:40:45.933 INFO [main] org.apache.catalina.startup.VersionLoggerListener.log Command line argument: -Djava.io.tmpdir=/Users/caiomsouza/git/github.com/minerva-auto-mining/tomcat/temp
06-Jun-2017 08:40:45.934 INFO [main] org.apache.catalina.core.AprLifecycleListener.lifecycleEvent The APR based Apache Tomcat Native library which allows optimal performance in production environments was not found on the java.library.path: [/Users/caiomsouza/Library/Java/Extensions:/Library/Java/Extensions:/Network/Library/Java/Extensions:/System/Library/Java/Extensions:/usr/lib/java:.]
06-Jun-2017 08:40:46.031 INFO [main] org.apache.coyote.AbstractProtocol.init Initializing ProtocolHandler ["http-nio-8080"]
06-Jun-2017 08:40:46.050 INFO [main] org.apache.tomcat.util.net.NioSelectorPool.getSharedSelector Using a shared selector for servlet write/read
06-Jun-2017 08:40:46.052 INFO [main] org.apache.coyote.AbstractProtocol.init Initializing ProtocolHandler ["ajp-nio-8009"]
06-Jun-2017 08:40:46.054 INFO [main] org.apache.tomcat.util.net.NioSelectorPool.getSharedSelector Using a shared selector for servlet write/read
06-Jun-2017 08:40:46.054 INFO [main] org.apache.catalina.startup.Catalina.load Initialization processed in 488 ms
06-Jun-2017 08:40:46.077 INFO [main] org.apache.catalina.core.StandardService.startInternal Starting service [Catalina]
06-Jun-2017 08:40:46.077 INFO [main] org.apache.catalina.core.StandardEngine.startInternal Starting Servlet Engine: Apache Tomcat/8.5.15
06-Jun-2017 08:40:46.097 INFO [localhost-startStop-1] org.apache.catalina.startup.HostConfig.deployWAR Deploying web application archive [/Users/caiomsouza/git/github.com/minerva-auto-mining/tomcat/webapps/webswing-server.war]
06-Jun-2017 08:40:47.851 INFO [localhost-startStop-1] org.apache.jasper.servlet.TldScanner.scanJars At least one JAR was scanned for TLDs yet contained no TLDs. Enable debug logging for this logger for a complete list of JARs that were scanned but no TLDs were found in them. Skipping unneeded JARs during scanning can improve startup time and JSP compilation time.
06-Jun-2017 08:40:48.846 SEVERE [localhost-startStop-1] org.apache.catalina.core.StandardContext.startInternal One or more listeners failed to start. Full details will be found in the appropriate container log file
06-Jun-2017 08:40:48.850 SEVERE [localhost-startStop-1] org.apache.catalina.core.StandardContext.startInternal Context [/webswing-server] startup failed due to previous errors
06-Jun-2017 08:40:48.868 WARNING [localhost-startStop-1] org.apache.catalina.loader.WebappClassLoaderBase.clearReferencesThreads The web application [webswing-server] appears to have started a thread named [Selector Worker: 0] but has failed to stop it. This is very likely to create a memory leak. Stack trace of thread:
 java.util.concurrent.SynchronousQueue$TransferStack.snode(SynchronousQueue.java:316)
 java.util.concurrent.SynchronousQueue$TransferStack.transfer(SynchronousQueue.java:358)
 java.util.concurrent.SynchronousQueue.poll(SynchronousQueue.java:942)
 java.util.concurrent.ThreadPoolExecutor.getTask(ThreadPoolExecutor.java:1068)
 java.util.concurrent.ThreadPoolExecutor.runWorker(ThreadPoolExecutor.java:1130)
 java.util.concurrent.ThreadPoolExecutor$Worker.run(ThreadPoolExecutor.java:615)
 java.lang.Thread.run(Thread.java:745)
06-Jun-2017 08:40:48.871 INFO [localhost-startStop-1] org.apache.catalina.startup.HostConfig.deployWAR Deployment of web application archive [/Users/caiomsouza/git/github.com/minerva-auto-mining/tomcat/webapps/webswing-server.war] has finished in [2,774] ms
06-Jun-2017 08:40:48.871 INFO [localhost-startStop-1] org.apache.catalina.startup.HostConfig.deployDirectory Deploying web application directory [/Users/caiomsouza/git/github.com/minerva-auto-mining/tomcat/webapps/docs]
06-Jun-2017 08:40:48.894 INFO [localhost-startStop-1] org.apache.catalina.startup.HostConfig.deployDirectory Deployment of web application directory [/Users/caiomsouza/git/github.com/minerva-auto-mining/tomcat/webapps/docs] has finished in [23] ms
06-Jun-2017 08:40:48.894 INFO [localhost-startStop-1] org.apache.catalina.startup.HostConfig.deployDirectory Deploying web application directory [/Users/caiomsouza/git/github.com/minerva-auto-mining/tomcat/webapps/examples]
06-Jun-2017 08:40:49.059 INFO [localhost-startStop-1] org.apache.catalina.startup.HostConfig.deployDirectory Deployment of web application directory [/Users/caiomsouza/git/github.com/minerva-auto-mining/tomcat/webapps/examples] has finished in [164] ms
06-Jun-2017 08:40:49.059 INFO [localhost-startStop-1] org.apache.catalina.startup.HostConfig.deployDirectory Deploying web application directory [/Users/caiomsouza/git/github.com/minerva-auto-mining/tomcat/webapps/host-manager]
06-Jun-2017 08:40:49.078 INFO [localhost-startStop-1] org.apache.catalina.startup.HostConfig.deployDirectory Deployment of web application directory [/Users/caiomsouza/git/github.com/minerva-auto-mining/tomcat/webapps/host-manager] has finished in [19] ms
06-Jun-2017 08:40:49.078 INFO [localhost-startStop-1] org.apache.catalina.startup.HostConfig.deployDirectory Deploying web application directory [/Users/caiomsouza/git/github.com/minerva-auto-mining/tomcat/webapps/manager]
06-Jun-2017 08:40:49.095 INFO [localhost-startStop-1] org.apache.catalina.startup.HostConfig.deployDirectory Deployment of web application directory [/Users/caiomsouza/git/github.com/minerva-auto-mining/tomcat/webapps/manager] has finished in [17] ms
06-Jun-2017 08:40:49.095 INFO [localhost-startStop-1] org.apache.catalina.startup.HostConfig.deployDirectory Deploying web application directory [/Users/caiomsouza/git/github.com/minerva-auto-mining/tomcat/webapps/ROOT]
06-Jun-2017 08:40:49.111 INFO [localhost-startStop-1] org.apache.catalina.startup.HostConfig.deployDirectory Deployment of web application directory [/Users/caiomsouza/git/github.com/minerva-auto-mining/tomcat/webapps/ROOT] has finished in [16] ms
06-Jun-2017 08:40:49.111 INFO [localhost-startStop-1] org.apache.catalina.startup.HostConfig.deployDirectory Deploying web application directory [/Users/caiomsouza/git/github.com/minerva-auto-mining/tomcat/webapps/webswing-2.4]
06-Jun-2017 08:40:49.126 INFO [localhost-startStop-1] org.apache.catalina.startup.HostConfig.deployDirectory Deployment of web application directory [/Users/caiomsouza/git/github.com/minerva-auto-mining/tomcat/webapps/webswing-2.4] has finished in [15] ms
06-Jun-2017 08:40:49.128 INFO [main] org.apache.coyote.AbstractProtocol.start Starting ProtocolHandler ["http-nio-8080"]
06-Jun-2017 08:40:49.134 INFO [main] org.apache.coyote.AbstractProtocol.start Starting ProtocolHandler ["ajp-nio-8009"]
06-Jun-2017 08:40:49.136 INFO [main] org.apache.catalina.startup.Catalina.start Server startup in 3081 ms
06-Jun-2017 18:54:47.243 INFO [main] org.apache.catalina.core.StandardServer.await A valid shutdown command was received via the shutdown port. Stopping the Server instance.
06-Jun-2017 18:54:47.251 INFO [main] org.apache.coyote.AbstractProtocol.pause Pausing ProtocolHandler ["http-nio-8080"]
06-Jun-2017 18:54:49.260 INFO [main] org.apache.coyote.AbstractProtocol.pause Pausing ProtocolHandler ["ajp-nio-8009"]
06-Jun-2017 18:54:51.264 INFO [main] org.apache.catalina.core.StandardService.stopInternal Stopping service [Catalina]
06-Jun-2017 18:54:51.322 INFO [main] org.apache.coyote.AbstractProtocol.stop Stopping ProtocolHandler ["http-nio-8080"]
06-Jun-2017 18:54:53.326 INFO [main] org.apache.coyote.AbstractProtocol.stop Stopping ProtocolHandler ["ajp-nio-8009"]
06-Jun-2017 18:54:55.333 INFO [main] org.apache.coyote.AbstractProtocol.destroy Destroying ProtocolHandler ["http-nio-8080"]
06-Jun-2017 18:54:55.335 INFO [main] org.apache.coyote.AbstractProtocol.destroy Destroying ProtocolHandler ["ajp-nio-8009"]
