06-Jun-2017 08:36:47.679 INFO [localhost-startStop-1] org.apache.catalina.core.ApplicationContext.log ContextListener: contextInitialized()
06-Jun-2017 08:36:47.679 INFO [localhost-startStop-1] org.apache.catalina.core.ApplicationContext.log SessionListener: contextInitialized()
06-Jun-2017 08:38:30.196 INFO [localhost-startStop-2] org.apache.catalina.core.ApplicationContext.log Initializing AtmosphereFramework
06-Jun-2017 08:38:30.907 INFO [localhost-startStop-2] org.apache.catalina.core.ApplicationContext.log Initializing Shiro environment
06-Jun-2017 08:38:31.240 SEVERE [localhost-startStop-2] org.apache.catalina.core.StandardContext.listenerStart Exception sending context initialized event to listener instance of class [org.apache.shiro.web.env.EnvironmentLoaderListener]
 org.apache.shiro.ShiroException: Error reading properties path [classpath:shiro-users.properties].  Initializing of the realm from this file failed.
	at org.apache.shiro.realm.text.PropertiesRealm.loadProperties(PropertiesRealm.java:246)
	at org.apache.shiro.realm.text.PropertiesRealm.loadProperties(PropertiesRealm.java:214)
	at org.apache.shiro.realm.text.PropertiesRealm.afterRoleCacheSet(PropertiesRealm.java:162)
	at org.apache.shiro.realm.text.PropertiesRealm.onInit(PropertiesRealm.java:158)
	at org.apache.shiro.realm.AuthenticatingRealm.init(AuthenticatingRealm.java:395)
	at org.apache.shiro.util.LifecycleUtils.init(LifecycleUtils.java:45)
	at org.apache.shiro.util.LifecycleUtils.init(LifecycleUtils.java:40)
	at org.apache.shiro.util.LifecycleUtils.init(LifecycleUtils.java:61)
	at org.apache.shiro.config.ReflectionBuilder.buildObjects(ReflectionBuilder.java:129)
	at org.apache.shiro.config.IniSecurityManagerFactory.buildInstances(IniSecurityManagerFactory.java:161)
	at org.apache.shiro.config.IniSecurityManagerFactory.createSecurityManager(IniSecurityManagerFactory.java:124)
	at org.apache.shiro.config.IniSecurityManagerFactory.createSecurityManager(IniSecurityManagerFactory.java:102)
	at org.apache.shiro.config.IniSecurityManagerFactory.createInstance(IniSecurityManagerFactory.java:88)
	at org.apache.shiro.config.IniSecurityManagerFactory.createInstance(IniSecurityManagerFactory.java:46)
	at org.apache.shiro.config.IniFactorySupport.createInstance(IniFactorySupport.java:123)
	at org.apache.shiro.util.AbstractFactory.getInstance(AbstractFactory.java:47)
	at org.apache.shiro.web.env.IniWebEnvironment.createWebSecurityManager(IniWebEnvironment.java:203)
	at org.apache.shiro.web.env.IniWebEnvironment.configure(IniWebEnvironment.java:99)
	at org.apache.shiro.web.env.IniWebEnvironment.init(IniWebEnvironment.java:92)
	at org.apache.shiro.util.LifecycleUtils.init(LifecycleUtils.java:45)
	at org.apache.shiro.util.LifecycleUtils.init(LifecycleUtils.java:40)
	at org.apache.shiro.web.env.EnvironmentLoader.createEnvironment(EnvironmentLoader.java:221)
	at org.apache.shiro.web.env.EnvironmentLoader.initEnvironment(EnvironmentLoader.java:133)
	at org.apache.shiro.web.env.EnvironmentLoaderListener.contextInitialized(EnvironmentLoaderListener.java:58)
	at org.apache.catalina.core.StandardContext.listenerStart(StandardContext.java:4745)
	at org.apache.catalina.core.StandardContext.startInternal(StandardContext.java:5207)
	at org.apache.catalina.util.LifecycleBase.start(LifecycleBase.java:150)
	at org.apache.catalina.core.ContainerBase.addChildInternal(ContainerBase.java:752)
	at org.apache.catalina.core.ContainerBase.addChild(ContainerBase.java:728)
	at org.apache.catalina.core.StandardHost.addChild(StandardHost.java:734)
	at org.apache.catalina.startup.HostConfig.deployWAR(HostConfig.java:952)
	at org.apache.catalina.startup.HostConfig$DeployWar.run(HostConfig.java:1823)
	at java.util.concurrent.Executors$RunnableAdapter.call(Executors.java:471)
	at java.util.concurrent.FutureTask.run(FutureTask.java:262)
	at java.util.concurrent.ThreadPoolExecutor.runWorker(ThreadPoolExecutor.java:1145)
	at java.util.concurrent.ThreadPoolExecutor$Worker.run(ThreadPoolExecutor.java:615)
	at java.lang.Thread.run(Thread.java:745)
Caused by: java.io.IOException: Resource [classpath:shiro-users.properties] could not be found.
	at org.apache.shiro.io.ResourceUtils.getInputStreamForPath(ResourceUtils.java:139)
	at org.apache.shiro.realm.text.PropertiesRealm.loadProperties(PropertiesRealm.java:228)
	... 36 more

06-Jun-2017 08:38:31.241 INFO [localhost-startStop-2] org.apache.catalina.core.ApplicationContext.log Cleaning up Shiro Environment
06-Jun-2017 08:39:25.253 INFO [localhost-startStop-3] org.apache.catalina.core.ApplicationContext.log SessionListener: contextDestroyed()
06-Jun-2017 08:39:25.253 INFO [localhost-startStop-3] org.apache.catalina.core.ApplicationContext.log ContextListener: contextDestroyed()
06-Jun-2017 08:39:29.463 INFO [localhost-startStop-1] org.apache.catalina.core.ApplicationContext.log Initializing AtmosphereFramework
06-Jun-2017 08:39:30.001 INFO [localhost-startStop-1] org.apache.catalina.core.ApplicationContext.log Initializing Shiro environment
06-Jun-2017 08:39:30.335 SEVERE [localhost-startStop-1] org.apache.catalina.core.StandardContext.listenerStart Exception sending context initialized event to listener instance of class [org.apache.shiro.web.env.EnvironmentLoaderListener]
 org.apache.shiro.ShiroException: Error reading properties path [classpath:shiro-users.properties].  Initializing of the realm from this file failed.
	at org.apache.shiro.realm.text.PropertiesRealm.loadProperties(PropertiesRealm.java:246)
	at org.apache.shiro.realm.text.PropertiesRealm.loadProperties(PropertiesRealm.java:214)
	at org.apache.shiro.realm.text.PropertiesRealm.afterRoleCacheSet(PropertiesRealm.java:162)
	at org.apache.shiro.realm.text.PropertiesRealm.onInit(PropertiesRealm.java:158)
	at org.apache.shiro.realm.AuthenticatingRealm.init(AuthenticatingRealm.java:395)
	at org.apache.shiro.util.LifecycleUtils.init(LifecycleUtils.java:45)
	at org.apache.shiro.util.LifecycleUtils.init(LifecycleUtils.java:40)
	at org.apache.shiro.util.LifecycleUtils.init(LifecycleUtils.java:61)
	at org.apache.shiro.config.ReflectionBuilder.buildObjects(ReflectionBuilder.java:129)
	at org.apache.shiro.config.IniSecurityManagerFactory.buildInstances(IniSecurityManagerFactory.java:161)
	at org.apache.shiro.config.IniSecurityManagerFactory.createSecurityManager(IniSecurityManagerFactory.java:124)
	at org.apache.shiro.config.IniSecurityManagerFactory.createSecurityManager(IniSecurityManagerFactory.java:102)
	at org.apache.shiro.config.IniSecurityManagerFactory.createInstance(IniSecurityManagerFactory.java:88)
	at org.apache.shiro.config.IniSecurityManagerFactory.createInstance(IniSecurityManagerFactory.java:46)
	at org.apache.shiro.config.IniFactorySupport.createInstance(IniFactorySupport.java:123)
	at org.apache.shiro.util.AbstractFactory.getInstance(AbstractFactory.java:47)
	at org.apache.shiro.web.env.IniWebEnvironment.createWebSecurityManager(IniWebEnvironment.java:203)
	at org.apache.shiro.web.env.IniWebEnvironment.configure(IniWebEnvironment.java:99)
	at org.apache.shiro.web.env.IniWebEnvironment.init(IniWebEnvironment.java:92)
	at org.apache.shiro.util.LifecycleUtils.init(LifecycleUtils.java:45)
	at org.apache.shiro.util.LifecycleUtils.init(LifecycleUtils.java:40)
	at org.apache.shiro.web.env.EnvironmentLoader.createEnvironment(EnvironmentLoader.java:221)
	at org.apache.shiro.web.env.EnvironmentLoader.initEnvironment(EnvironmentLoader.java:133)
	at org.apache.shiro.web.env.EnvironmentLoaderListener.contextInitialized(EnvironmentLoaderListener.java:58)
	at org.apache.catalina.core.StandardContext.listenerStart(StandardContext.java:4745)
	at org.apache.catalina.core.StandardContext.startInternal(StandardContext.java:5207)
	at org.apache.catalina.util.LifecycleBase.start(LifecycleBase.java:150)
	at org.apache.catalina.core.ContainerBase.addChildInternal(ContainerBase.java:752)
	at org.apache.catalina.core.ContainerBase.addChild(ContainerBase.java:728)
	at org.apache.catalina.core.StandardHost.addChild(StandardHost.java:734)
	at org.apache.catalina.startup.HostConfig.deployWAR(HostConfig.java:952)
	at org.apache.catalina.startup.HostConfig$DeployWar.run(HostConfig.java:1823)
	at java.util.concurrent.Executors$RunnableAdapter.call(Executors.java:471)
	at java.util.concurrent.FutureTask.run(FutureTask.java:262)
	at java.util.concurrent.ThreadPoolExecutor.runWorker(ThreadPoolExecutor.java:1145)
	at java.util.concurrent.ThreadPoolExecutor$Worker.run(ThreadPoolExecutor.java:615)
	at java.lang.Thread.run(Thread.java:745)
Caused by: java.io.IOException: Resource [classpath:shiro-users.properties] could not be found.
	at org.apache.shiro.io.ResourceUtils.getInputStreamForPath(ResourceUtils.java:139)
	at org.apache.shiro.realm.text.PropertiesRealm.loadProperties(PropertiesRealm.java:228)
	... 36 more

06-Jun-2017 08:39:30.341 INFO [localhost-startStop-1] org.apache.catalina.core.ApplicationContext.log Cleaning up Shiro Environment
06-Jun-2017 08:39:30.542 INFO [localhost-startStop-1] org.apache.catalina.core.ApplicationContext.log ContextListener: contextInitialized()
06-Jun-2017 08:39:30.542 INFO [localhost-startStop-1] org.apache.catalina.core.ApplicationContext.log SessionListener: contextInitialized()
06-Jun-2017 08:40:47.884 INFO [localhost-startStop-1] org.apache.catalina.core.ApplicationContext.log Initializing AtmosphereFramework
06-Jun-2017 08:40:48.518 INFO [localhost-startStop-1] org.apache.catalina.core.ApplicationContext.log Initializing Shiro environment
06-Jun-2017 08:40:48.846 SEVERE [localhost-startStop-1] org.apache.catalina.core.StandardContext.listenerStart Exception sending context initialized event to listener instance of class [org.apache.shiro.web.env.EnvironmentLoaderListener]
 org.apache.shiro.ShiroException: Error reading properties path [classpath:shiro-users.properties].  Initializing of the realm from this file failed.
	at org.apache.shiro.realm.text.PropertiesRealm.loadProperties(PropertiesRealm.java:246)
	at org.apache.shiro.realm.text.PropertiesRealm.loadProperties(PropertiesRealm.java:214)
	at org.apache.shiro.realm.text.PropertiesRealm.afterRoleCacheSet(PropertiesRealm.java:162)
	at org.apache.shiro.realm.text.PropertiesRealm.onInit(PropertiesRealm.java:158)
	at org.apache.shiro.realm.AuthenticatingRealm.init(AuthenticatingRealm.java:395)
	at org.apache.shiro.util.LifecycleUtils.init(LifecycleUtils.java:45)
	at org.apache.shiro.util.LifecycleUtils.init(LifecycleUtils.java:40)
	at org.apache.shiro.util.LifecycleUtils.init(LifecycleUtils.java:61)
	at org.apache.shiro.config.ReflectionBuilder.buildObjects(ReflectionBuilder.java:129)
	at org.apache.shiro.config.IniSecurityManagerFactory.buildInstances(IniSecurityManagerFactory.java:161)
	at org.apache.shiro.config.IniSecurityManagerFactory.createSecurityManager(IniSecurityManagerFactory.java:124)
	at org.apache.shiro.config.IniSecurityManagerFactory.createSecurityManager(IniSecurityManagerFactory.java:102)
	at org.apache.shiro.config.IniSecurityManagerFactory.createInstance(IniSecurityManagerFactory.java:88)
	at org.apache.shiro.config.IniSecurityManagerFactory.createInstance(IniSecurityManagerFactory.java:46)
	at org.apache.shiro.config.IniFactorySupport.createInstance(IniFactorySupport.java:123)
	at org.apache.shiro.util.AbstractFactory.getInstance(AbstractFactory.java:47)
	at org.apache.shiro.web.env.IniWebEnvironment.createWebSecurityManager(IniWebEnvironment.java:203)
	at org.apache.shiro.web.env.IniWebEnvironment.configure(IniWebEnvironment.java:99)
	at org.apache.shiro.web.env.IniWebEnvironment.init(IniWebEnvironment.java:92)
	at org.apache.shiro.util.LifecycleUtils.init(LifecycleUtils.java:45)
	at org.apache.shiro.util.LifecycleUtils.init(LifecycleUtils.java:40)
	at org.apache.shiro.web.env.EnvironmentLoader.createEnvironment(EnvironmentLoader.java:221)
	at org.apache.shiro.web.env.EnvironmentLoader.initEnvironment(EnvironmentLoader.java:133)
	at org.apache.shiro.web.env.EnvironmentLoaderListener.contextInitialized(EnvironmentLoaderListener.java:58)
	at org.apache.catalina.core.StandardContext.listenerStart(StandardContext.java:4745)
	at org.apache.catalina.core.StandardContext.startInternal(StandardContext.java:5207)
	at org.apache.catalina.util.LifecycleBase.start(LifecycleBase.java:150)
	at org.apache.catalina.core.ContainerBase.addChildInternal(ContainerBase.java:752)
	at org.apache.catalina.core.ContainerBase.addChild(ContainerBase.java:728)
	at org.apache.catalina.core.StandardHost.addChild(StandardHost.java:734)
	at org.apache.catalina.startup.HostConfig.deployWAR(HostConfig.java:952)
	at org.apache.catalina.startup.HostConfig$DeployWar.run(HostConfig.java:1823)
	at java.util.concurrent.Executors$RunnableAdapter.call(Executors.java:471)
	at java.util.concurrent.FutureTask.run(FutureTask.java:262)
	at java.util.concurrent.ThreadPoolExecutor.runWorker(ThreadPoolExecutor.java:1145)
	at java.util.concurrent.ThreadPoolExecutor$Worker.run(ThreadPoolExecutor.java:615)
	at java.lang.Thread.run(Thread.java:745)
Caused by: java.io.IOException: Resource [classpath:shiro-users.properties] could not be found.
	at org.apache.shiro.io.ResourceUtils.getInputStreamForPath(ResourceUtils.java:139)
	at org.apache.shiro.realm.text.PropertiesRealm.loadProperties(PropertiesRealm.java:228)
	... 36 more

06-Jun-2017 08:40:48.852 INFO [localhost-startStop-1] org.apache.catalina.core.ApplicationContext.log Cleaning up Shiro Environment
06-Jun-2017 08:40:49.053 INFO [localhost-startStop-1] org.apache.catalina.core.ApplicationContext.log ContextListener: contextInitialized()
06-Jun-2017 08:40:49.053 INFO [localhost-startStop-1] org.apache.catalina.core.ApplicationContext.log SessionListener: contextInitialized()
06-Jun-2017 18:54:51.314 INFO [localhost-startStop-2] org.apache.catalina.core.ApplicationContext.log SessionListener: contextDestroyed()
06-Jun-2017 18:54:51.314 INFO [localhost-startStop-2] org.apache.catalina.core.ApplicationContext.log ContextListener: contextDestroyed()
