This is XeTeX, Version 3.14159265-2.6-0.99996 (TeX Live 2016/Arch Linux) (preloaded format=xelatex 2016.11.21)  6 APR 2017 14:01
entering extended mode
 restricted \write18 enabled.
 %&-line parsing enabled.
**manual.tex
(./manual.tex
LaTeX2e <2016/03/31> patch level 3
Babel <3.9r> and hyphenation patterns for 83 language(s) loaded.
(/usr/share/texmf-dist/tex/latex/base/article.cls
Document Class: article 2014/09/29 v1.4h Standard LaTeX document class
(/usr/share/texmf-dist/tex/latex/base/size10.clo
File: size10.clo 2014/09/29 v1.4h Standard LaTeX file (size option)
)
\c@part=\count79
\c@section=\count80
\c@subsection=\count81
\c@subsubsection=\count82
\c@paragraph=\count83
\c@subparagraph=\count84
\c@figure=\count85
\c@table=\count86
\abovecaptionskip=\skip41
\belowcaptionskip=\skip42
\bibindent=\dimen102
)
(/usr/share/texmf-dist/tex/latex/hyperref/hyperref.sty
Package: hyperref 2016/06/24 v6.83q Hypertext links for LaTeX

(/usr/share/texmf-dist/tex/generic/oberdiek/hobsub-hyperref.sty
Package: hobsub-hyperref 2016/05/16 v1.14 Bundle oberdiek, subset hyperref (HO)


(/usr/share/texmf-dist/tex/generic/oberdiek/hobsub-generic.sty
Package: hobsub-generic 2016/05/16 v1.14 Bundle oberdiek, subset generic (HO)
Package: hobsub 2016/05/16 v1.14 Construct package bundles (HO)
Package: infwarerr 2016/05/16 v1.4 Providing info/warning/error messages (HO)
Package: ltxcmds 2016/05/16 v1.23 LaTeX kernel commands for general use (HO)
Package: ifluatex 2016/05/16 v1.4 Provides the ifluatex switch (HO)
Package ifluatex Info: LuaTeX not detected.
Package: ifvtex 2016/05/16 v1.6 Detect VTeX and its facilities (HO)
Package ifvtex Info: VTeX not detected.
Package: intcalc 2016/05/16 v1.2 Expandable calculations with integers (HO)
Package: ifpdf 2016/05/14 v3.1 Provides the ifpdf switch
Package: etexcmds 2016/05/16 v1.6 Avoid name clashes with e-TeX commands (HO)
Package etexcmds Info: Could not find \expanded.
(etexcmds)             That can mean that you are not using pdfTeX 1.50 or
(etexcmds)             that some package has redefined \expanded.
(etexcmds)             In the latter case, load this package earlier.
Package: kvsetkeys 2016/05/16 v1.17 Key value parser (HO)
Package: kvdefinekeys 2016/05/16 v1.4 Define keys (HO)
Package: pdftexcmds 2016/05/21 v0.22 Utility functions of pdfTeX for LuaTeX (HO
)
Package pdftexcmds Info: LuaTeX not detected.
Package pdftexcmds Info: pdfTeX >= 1.30 not detected.
Package pdftexcmds Info: \pdf@primitive is available.
Package pdftexcmds Info: \pdf@ifprimitive is available.
Package pdftexcmds Info: \pdfdraftmode not found.
Package: pdfescape 2016/05/16 v1.14 Implements pdfTeX's escape features (HO)
Package: bigintcalc 2016/05/16 v1.4 Expandable calculations on big integers (HO
)
Package: bitset 2016/05/16 v1.2 Handle bit-vector datatype (HO)
Package: uniquecounter 2016/05/16 v1.3 Provide unlimited unique counter (HO)
)
Package hobsub Info: Skipping package `hobsub' (already loaded).
Package: letltxmacro 2016/05/16 v1.5 Let assignment for LaTeX macros (HO)
Package: hopatch 2016/05/16 v1.3 Wrapper for package hooks (HO)
Package: xcolor-patch 2016/05/16 xcolor patch
Package: atveryend 2016/05/16 v1.9 Hooks at the very end of document (HO)
Package atveryend Info: \enddocument detected (standard20110627).
Package: atbegshi 2016/06/09 v1.18 At begin shipout hook (HO)
Package: refcount 2016/05/16 v3.5 Data extraction from label references (HO)
Package: hycolor 2016/05/16 v1.8 Color options for hyperref/bookmark (HO)
)
(/usr/share/texmf-dist/tex/latex/graphics/keyval.sty
Package: keyval 2014/10/28 v1.15 key=value parser (DPC)
\KV@toks@=\toks14
)
(/usr/share/texmf-dist/tex/generic/ifxetex/ifxetex.sty
Package: ifxetex 2010/09/12 v0.6 Provides ifxetex conditional
)
(/usr/share/texmf-dist/tex/latex/oberdiek/auxhook.sty
Package: auxhook 2016/05/16 v1.4 Hooks for auxiliary files (HO)
)
(/usr/share/texmf-dist/tex/latex/oberdiek/kvoptions.sty
Package: kvoptions 2016/05/16 v3.12 Key value format for package options (HO)
)
\@linkdim=\dimen103
\Hy@linkcounter=\count87
\Hy@pagecounter=\count88

(/usr/share/texmf-dist/tex/latex/hyperref/pd1enc.def
File: pd1enc.def 2016/06/24 v6.83q Hyperref: PDFDocEncoding definition (HO)
)
\Hy@SavedSpaceFactor=\count89

(/usr/share/texmf-dist/tex/latex/latexconfig/hyperref.cfg
File: hyperref.cfg 2002/06/06 v1.2 hyperref configuration of TeXLive
)
Package hyperref Info: Hyper figures OFF on input line 4486.
Package hyperref Info: Link nesting OFF on input line 4491.
Package hyperref Info: Hyper index ON on input line 4494.
Package hyperref Info: Plain pages OFF on input line 4501.
Package hyperref Info: Backreferencing OFF on input line 4506.
Package hyperref Info: Implicit mode ON; LaTeX internals redefined.
Package hyperref Info: Bookmarks ON on input line 4735.
\c@Hy@tempcnt=\count90

(/usr/share/texmf-dist/tex/latex/url/url.sty
\Urlmuskip=\muskip10
Package: url 2013/09/16  ver 3.4  Verb mode for urls, etc.
)
LaTeX Info: Redefining \url on input line 5088.
\XeTeXLinkMargin=\dimen104
\Fld@menulength=\count91
\Field@Width=\dimen105
\Fld@charsize=\dimen106
Package hyperref Info: Hyper figures OFF on input line 6342.
Package hyperref Info: Link nesting OFF on input line 6347.
Package hyperref Info: Hyper index ON on input line 6350.
Package hyperref Info: backreferencing OFF on input line 6357.
Package hyperref Info: Link coloring OFF on input line 6362.
Package hyperref Info: Link coloring with OCG OFF on input line 6367.
Package hyperref Info: PDF/A mode OFF on input line 6372.
LaTeX Info: Redefining \ref on input line 6412.
LaTeX Info: Redefining \pageref on input line 6416.
\Hy@abspage=\count92
\c@Item=\count93
\c@Hfootnote=\count94
)

Package hyperref Message: Driver (autodetected): hxetex.

(/usr/share/texmf-dist/tex/latex/hyperref/hxetex.def
File: hxetex.def 2016/06/24 v6.83q Hyperref driver for XeTeX

(/usr/share/texmf-dist/tex/latex/hyperref/puenc.def
File: puenc.def 2016/06/24 v6.83q Hyperref: PDF Unicode definition (HO)
)
(/usr/share/texmf-dist/tex/generic/oberdiek/stringenc.sty
Package: stringenc 2016/05/16 v1.11 Convert strings between diff. encodings (HO
)
)
\pdfm@box=\box26
\c@Hy@AnnotLevel=\count95
\HyField@AnnotCount=\count96
\Fld@listcount=\count97
\c@bookmark@seq@number=\count98

(/usr/share/texmf-dist/tex/latex/oberdiek/rerunfilecheck.sty
Package: rerunfilecheck 2016/05/16 v1.8 Rerun checks for auxiliary files (HO)
Package rerunfilecheck Info: Feature \pdfmdfivesum is not available
(rerunfilecheck)             (e.g. pdfTeX or LuaTeX with package `pdftexcmds').

(rerunfilecheck)             Therefore file contents cannot be checked efficien
tly
(rerunfilecheck)             and the loading of the package is aborted.
)
\Hy@SectionHShift=\skip43
)
(/usr/share/texmf-dist/tex/latex/parskip/parskip.sty
Package: parskip 2001/04/09 non-zero parskip adjustments
)
(/usr/share/texmf-dist/tex/latex/caption/caption.sty
Package: caption 2016/02/21 v3.3-144 Customizing captions (AR)

(/usr/share/texmf-dist/tex/latex/caption/caption3.sty
Package: caption3 2016/05/22 v1.7-166 caption3 kernel (AR)
Package caption3 Info: TeX engine: e-TeX on input line 67.
\captionmargin=\dimen107
\captionmargin@=\dimen108
\captionwidth=\dimen109
\caption@tempdima=\dimen110
\caption@indent=\dimen111
\caption@parindent=\dimen112
\caption@hangindent=\dimen113
)
\c@ContinuedFloat=\count99
Package caption Info: hyperref package is loaded.
)
(/usr/share/texmf-dist/tex/latex/graphics/graphicx.sty
Package: graphicx 2014/10/28 v1.0g Enhanced LaTeX Graphics (DPC,SPQR)

(/usr/share/texmf-dist/tex/latex/graphics/graphics.sty
Package: graphics 2016/07/10 v1.0t Standard LaTeX Graphics (DPC,SPQR)

(/usr/share/texmf-dist/tex/latex/graphics/trig.sty
Package: trig 2016/01/03 v1.10 sin cos tan (DPC)
)
(/usr/share/texmf-dist/tex/latex/graphics-cfg/graphics.cfg
File: graphics.cfg 2016/06/04 v1.11 sample graphics configuration
)
Package graphics Info: Driver file: xetex.def on input line 99.

(/usr/share/texmf-dist/tex/latex/graphics-def/xetex.def
File: xetex.def 2016/07/11 v4.10 LaTeX color/graphics driver for XeTeX (L3/RRM/
JK)
))
\Gin@req@height=\dimen114
\Gin@req@width=\dimen115
)
(/usr/share/texmf-dist/tex/latex/tabu/tabu.sty
Package: tabu 2011/02/26 v2.8 - flexible LaTeX tabulars (FC)

(/usr/share/texmf-dist/tex/latex/tools/array.sty
Package: array 2014/10/28 v2.4c Tabular extension package (FMi)
\col@sep=\dimen116
\extrarowheight=\dimen117
\NC@list=\toks15
\extratabsurround=\skip44
\backup@length=\skip45
)
(/usr/share/texmf-dist/tex/latex/varwidth/varwidth.sty
Package: varwidth 2009/03/30 ver 0.92;  Variable-width minipages
\@vwid@box=\box27
\sift@deathcycles=\count100
\@vwid@loff=\dimen118
\@vwid@roff=\dimen119
)
\c@taburow=\count101
\tabu@nbcols=\count102
\tabu@cnt=\count103
\tabu@Xcol=\count104
\tabu@alloc=\count105
\tabu@nested=\count106
\tabu@target=\dimen120
\tabu@spreadtarget=\dimen121
\tabu@naturalX=\dimen122
\tabucolX=\dimen123
\tabu@Xsum=\dimen124
\extrarowdepth=\dimen125
\abovetabulinesep=\dimen126
\belowtabulinesep=\dimen127
\tabustrutrule=\dimen128
\tabu@thebody=\toks16
\tabu@footnotes=\toks17
\tabu@box=\box28
\tabu@arstrutbox=\box29
\tabu@hleads=\box30
\tabu@vleads=\box31
\tabu@cellskip=\skip46
)
(/usr/share/texmf-dist/tex/latex/tools/longtable.sty
Package: longtable 2014/10/28 v4.11 Multi-page Table package (DPC)
\LTleft=\skip47
\LTright=\skip48
\LTpre=\skip49
\LTpost=\skip50
\LTchunksize=\count107
\LTcapwidth=\dimen129
\LT@head=\box32
\LT@firsthead=\box33
\LT@foot=\box34
\LT@lastfoot=\box35
\LT@cols=\count108
\LT@rows=\count109
\c@LT@tables=\count110
\c@LT@chunks=\count111
\LT@p@ftn=\toks18
)
(/usr/share/texmf-dist/tex/latex/booktabs/booktabs.sty
Package: booktabs 2016/04/27 v1.618033 publication quality tables
\heavyrulewidth=\dimen130
\lightrulewidth=\dimen131
\cmidrulewidth=\dimen132
\belowrulesep=\dimen133
\belowbottomsep=\dimen134
\aboverulesep=\dimen135
\abovetopsep=\dimen136
\cmidrulesep=\dimen137
\cmidrulekern=\dimen138
\defaultaddspace=\dimen139
\@cmidla=\count112
\@cmidlb=\count113
\@aboverulesep=\dimen140
\@belowrulesep=\dimen141
\@thisruleclass=\count114
\@lastruleclass=\count115
\@thisrulewidth=\dimen142
) (./manual.aux)
\openout1 = `manual.aux'.

LaTeX Font Info:    Checking defaults for OML/cmm/m/it on input line 16.
LaTeX Font Info:    ... okay on input line 16.
LaTeX Font Info:    Checking defaults for T1/cmr/m/n on input line 16.
LaTeX Font Info:    ... okay on input line 16.
LaTeX Font Info:    Checking defaults for OT1/cmr/m/n on input line 16.
LaTeX Font Info:    ... okay on input line 16.
LaTeX Font Info:    Checking defaults for OMS/cmsy/m/n on input line 16.
LaTeX Font Info:    ... okay on input line 16.
LaTeX Font Info:    Checking defaults for OMX/cmex/m/n on input line 16.
LaTeX Font Info:    ... okay on input line 16.
LaTeX Font Info:    Checking defaults for U/cmr/m/n on input line 16.
LaTeX Font Info:    ... okay on input line 16.
LaTeX Font Info:    Checking defaults for PD1/pdf/m/n on input line 16.
LaTeX Font Info:    ... okay on input line 16.
LaTeX Font Info:    Checking defaults for PU/pdf/m/n on input line 16.
LaTeX Font Info:    ... okay on input line 16.
\AtBeginShipoutBox=\box36
Package hyperref Info: Link coloring OFF on input line 16.

(/usr/share/texmf-dist/tex/latex/hyperref/nameref.sty
Package: nameref 2016/05/21 v2.44 Cross-referencing by name of section

(/usr/share/texmf-dist/tex/generic/oberdiek/gettitlestring.sty
Package: gettitlestring 2016/05/16 v1.5 Cleanup title references (HO)
)
\c@section@level=\count116
)
LaTeX Info: Redefining \ref on input line 16.
LaTeX Info: Redefining \pageref on input line 16.
LaTeX Info: Redefining \nameref on input line 16.
 (./manual.out) (./manual.out)
\@outlinefile=\write3
\openout3 = `manual.out'.

Package caption Info: Begin \AtBeginDocument code.
Package caption Info: longtable package is loaded.
 (/usr/share/texmf-dist/tex/latex/caption/ltcaption.sty
Package: ltcaption 2013/06/09 v1.4-94 longtable captions (AR)
)
Package caption Info: End \AtBeginDocument code.
LaTeX Font Info:    External font `cmex10' loaded for size
(Font)              <12> on input line 26.
LaTeX Font Info:    External font `cmex10' loaded for size
(Font)              <8> on input line 26.
LaTeX Font Info:    External font `cmex10' loaded for size
(Font)              <6> on input line 26.
LaTeX Font Info:    Try loading font information for OMS+cmtt on input line 26.


(/usr/share/texmf/tex/latex/omscmtt.fd
File: omscmtt.fd 
)
LaTeX Font Info:    Font shape `OMS/cmtt/m/n' in size <12> not available
(Font)              Font shape `OMS/cmsy/m/n' tried instead on input line 26.
 (./manual.toc
LaTeX Font Info:    External font `cmex10' loaded for size
(Font)              <7> on input line 2.
LaTeX Font Info:    External font `cmex10' loaded for size
(Font)              <5> on input line 2.
)
\tf@toc=\write4
\openout4 = `manual.toc'.


(/usr/share/texmf-dist/tex/generic/oberdiek/se-ascii-print.def
File: se-ascii-print.def 2016/05/16 v1.11 stringenc: Printable ASCII characters

) [1

]
File: tab.png Graphic file (type QTm)

<use  "tab.png" >
File: classifier.png Graphic file (type QTm)
 <use  "classifier.png" >
File: train.png Graphic file (type QTm)
 <use  "train.png" > [2]
File: options.png Graphic file (type QTm)

<use  "options.png" > [3] [4] [5]
Overfull \hbox (101.24611pt too wide) in paragraph at lines 272--272
[]\OT1/cmtt/m/n/10 All metrics are output by default with the exception of 'Cov
erage' and 'Region size'.[] 
 []


Overfull \hbox (48.74657pt too wide) in paragraph at lines 272--272
[]\OT1/cmtt/m/n/10 Correct,Incorrect,Kappa,Total cost,Average cost,KB relative,
KB information,[] 
 []

[6]
Overfull \hbox (1.49698pt too wide) in paragraph at lines 272--272
[]\OT1/cmtt/m/n/10 Correlation,Complexity 0,Complexity scheme,Complexity improv
ement,[] 
 []


Overfull \hbox (32.9967pt too wide) in paragraph at lines 272--272
[]\OT1/cmtt/m/n/10 MAE,RMSE,RAE,RRSE,Coverage,Region size,TP rate,FP rate,Preci
sion,Recall,[] 
 []


Overfull \hbox (122.24593pt too wide) in paragraph at lines 272--272
[]\OT1/cmtt/m/n/10 -classifications "weka.classifiers.evaluation.output.predict
ion.AbstractOutput + options"[] 
 []


Overfull \hbox (1.49698pt too wide) in paragraph at lines 272--272
[]\OT1/cmtt/m/n/10 Uses the specified class for generating the classification o
utput.[] 
 []


Overfull \hbox (11.99689pt too wide) in paragraph at lines 272--272
[]\OT1/cmtt/m/n/10 Retrieves the options from the XML-data instead of the comma
nd line.[] 
 []


Overfull \hbox (1.49698pt too wide) in paragraph at lines 272--272
[]\OT1/cmtt/m/n/10 The format is determined by the extensions, e.g., '.arff' fo
r ARFF[] 
 []


Overfull \hbox (11.99689pt too wide) in paragraph at lines 272--272
[]\OT1/cmtt/m/n/10 Turns off the collection of predictions in order to conserve
 memory.[] 
 []

[7]
Overfull \hbox (43.49661pt too wide) in paragraph at lines 272--272
[]\OT1/cmtt/m/n/10 If set, classifier capabilities are not checked before class
ifier is built[] 
 []


Overfull \hbox (74.99634pt too wide) in paragraph at lines 272--272
[]\OT1/cmtt/m/n/10 The number of decimal places for the output of numbers in th
e model (default 2).[] 
 []

[8]
File: devel-overview-crop.pdf Graphic file (type QTm)
 <use  "devel-overview-crop.pdf" >
Overfull \hbox (2.4426pt too wide) in paragraph at lines 318--325
[]\OT1/cmr/m/n/10 The SMAC op-ti-miza-tion tool is called through the []\OT1/cm
tt/m/n/10 SMACExperimentConstructor
 []

[9] (./params.tex
Overfull \hbox (68.99896pt too wide) in alignment at lines 195--195
 [] [] [] [] 
 []


Overfull \hbox (68.99896pt too wide) in alignment at lines 195--195
 [] [] [] [] 
 []


Overfull \hbox (68.99896pt too wide) in alignment at lines 195--195
 [] [] [] [] 
 []


Underfull \hbox (badness 1072) in paragraph at lines 195--195
[]\OT1/cmr/m/n/10 BestFirst, GreedyS-
 []


Overfull \hbox (9.52826pt too wide) in paragraph at lines 195--195
[]\OT1/cmr/m/n/10 NormalizedPolyKernel,
 []


Underfull \hbox (badness 10000) in paragraph at lines 195--195
\OT1/cmr/m/n/10 PolyK-er-nel, Puk,
 []


Overfull \hbox (6.75047pt too wide) in paragraph at lines 195--195
[]\OT1/cmr/m/n/10 NormalizedPolyKernel| 
 []


Overfull \hbox (9.52826pt too wide) in paragraph at lines 195--195
[]\OT1/cmr/m/n/10 NormalizedPolyKernel,
 []


Underfull \hbox (badness 10000) in paragraph at lines 195--195
\OT1/cmr/m/n/10 PolyK-er-nel, Puk,
 []


Overfull \hbox (6.75047pt too wide) in paragraph at lines 195--195
[]\OT1/cmr/m/n/10 NormalizedPolyKernel| 
 []


Underfull \hbox (badness 10000) in paragraph at lines 195--195
[]\OT1/cmr/m/n/10 K2, Hill-Climber,
 []


Underfull \hbox (badness 10000) in paragraph at lines 195--195
\OT1/cmr/m/n/10 LAGDHill-Climber,
 []


Underfull \hbox (badness 10000) in paragraph at lines 195--195
\OT1/cmr/m/n/10 Sim-u-latedAn-neal-ing,
 []


Overfull \hbox (1.22266pt too wide) in paragraph at lines 195--195
[]\OT1/cmr/m/n/10 MultilayerPerceptron| 
 []


Overfull \hbox (9.52826pt too wide) in paragraph at lines 195--195
[]\OT1/cmr/m/n/10 NormalizedPolyKernel,
 []


Underfull \hbox (badness 10000) in paragraph at lines 195--195
\OT1/cmr/m/n/10 PolyK-er-nel, Puk,
 []


Overfull \hbox (6.75047pt too wide) in paragraph at lines 195--195
[]\OT1/cmr/m/n/10 NormalizedPolyKernel| 
 []


Overfull \hbox (24.77823pt too wide) in paragraph at lines 195--195
[]\OT1/cmr/m/n/10 AttributeSelectedClassifier| 
 []


Underfull \hbox (badness 1072) in paragraph at lines 195--195
[]\OT1/cmr/m/n/10 BestFirst, GreedyS-
 []


Overfull \hbox (68.99896pt too wide) in alignment at lines 195--195
 [] [] [] [] 
 []

[10] [11] [12] [13] [14]
Overfull \hbox (11.52646pt too wide) in paragraph at lines 196--196
[]\OT1/cmr/bx/n/12 Attribute Searches, Pa-ram-e-ters, and Pa-ram-e-ter Ranges 
 []


Overfull \hbox (68.99896pt too wide) in alignment at lines 214--214
 [] [] [] [] 
 []


Overfull \hbox (68.99896pt too wide) in alignment at lines 214--214
 [] [] [] [] 
 []


Overfull \hbox (68.99896pt too wide) in alignment at lines 214--214
 [] [] [] [] 
 []


Overfull \hbox (68.99896pt too wide) in alignment at lines 214--214
 [] [] [] [] 
 []


Overfull \hbox (68.99896pt too wide) in alignment at lines 228--228
 [] [] [] [] 
 []


Overfull \hbox (68.99896pt too wide) in alignment at lines 228--228
 [] [] [] [] 
 []


Overfull \hbox (68.99896pt too wide) in alignment at lines 228--228
 [] [] [] [] 
 []


Overfull \hbox (68.99896pt too wide) in alignment at lines 228--228
 [] [] [] [] 
 []

)
Package atveryend Info: Empty hook `BeforeClearDocument' on input line 355.
 [15]
Package atveryend Info: Empty hook `AfterLastShipout' on input line 355.
 (./manual.aux)
Package atveryend Info: Empty hook `AtVeryEndDocument' on input line 355.
Package atveryend Info: Empty hook `AtEndAfterFileList' on input line 355.
Package atveryend Info: Empty hook `AtVeryVeryEnd' on input line 355.
 ) 
Here is how much of TeX's memory you used:
 10415 strings out of 493589
 148184 string characters out of 6148799
 312246 words of memory out of 5000000
 13767 multiletter control sequences out of 15000+600000
 8938 words of font info for 32 fonts, out of 8000000 for 9000
 1347 hyphenation exceptions out of 8191
 36i,9n,45p,213b,607s stack positions out of 5000i,500n,10000p,200000b,80000s

Output written on manual.pdf (15 pages).
