2017-06-06 08:38:30,277 INFO  [localhost-startStop-2] (StartupService.java:24) Webswing using Temp folder:/Users/caiomsouza/git/github.com/minerva-auto-mining/tomcat/temp/release
2017-06-06 08:38:30,279 INFO  [localhost-startStop-2] (StartupService.java:28) Webswing using Root folder:/Users/caiomsouza/git/github.com/minerva-auto-mining/tomcat/bin
2017-06-06 08:38:30,280 ERROR [localhost-startStop-2] (StartupService.java:41) StartupService failed to start due to following error
java.lang.RuntimeException: Path not specified.
	at org.webswing.server.handler.StartupService.getValidURI(StartupService.java:76)
	at org.webswing.server.handler.StartupService.validatePropertyFilePath(StartupService.java:47)
	at org.webswing.server.handler.StartupService.contextInitialized(StartupService.java:31)
	at org.apache.catalina.core.StandardContext.listenerStart(StandardContext.java:4745)
	at org.apache.catalina.core.StandardContext.startInternal(StandardContext.java:5207)
	at org.apache.catalina.util.LifecycleBase.start(LifecycleBase.java:150)
	at org.apache.catalina.core.ContainerBase.addChildInternal(ContainerBase.java:752)
	at org.apache.catalina.core.ContainerBase.addChild(ContainerBase.java:728)
	at org.apache.catalina.core.StandardHost.addChild(StandardHost.java:734)
	at org.apache.catalina.startup.HostConfig.deployWAR(HostConfig.java:952)
	at org.apache.catalina.startup.HostConfig$DeployWar.run(HostConfig.java:1823)
	at java.util.concurrent.Executors$RunnableAdapter.call(Executors.java:471)
	at java.util.concurrent.FutureTask.run(FutureTask.java:262)
	at java.util.concurrent.ThreadPoolExecutor.runWorker(ThreadPoolExecutor.java:1145)
	at java.util.concurrent.ThreadPoolExecutor$Worker.run(ThreadPoolExecutor.java:615)
	at java.lang.Thread.run(Thread.java:745)
2017-06-06 08:38:31,167 ERROR [localhost-startStop-2] (WebSwingPropertiesRealm.java:24) Users configuration file file:/Users/caiomsouza/git/github.com/minerva-auto-mining/tomcat/webapps/user.properties does not exist.
2017-06-06 08:38:31,239 ERROR [localhost-startStop-2] (EnvironmentLoader.java:146) Shiro environment initialization failed
org.apache.shiro.ShiroException: Error reading properties path [classpath:shiro-users.properties].  Initializing of the realm from this file failed.
	at org.apache.shiro.realm.text.PropertiesRealm.loadProperties(PropertiesRealm.java:246)
	at org.apache.shiro.realm.text.PropertiesRealm.loadProperties(PropertiesRealm.java:214)
	at org.apache.shiro.realm.text.PropertiesRealm.afterRoleCacheSet(PropertiesRealm.java:162)
	at org.apache.shiro.realm.text.PropertiesRealm.onInit(PropertiesRealm.java:158)
	at org.apache.shiro.realm.AuthenticatingRealm.init(AuthenticatingRealm.java:395)
	at org.apache.shiro.util.LifecycleUtils.init(LifecycleUtils.java:45)
	at org.apache.shiro.util.LifecycleUtils.init(LifecycleUtils.java:40)
	at org.apache.shiro.util.LifecycleUtils.init(LifecycleUtils.java:61)
	at org.apache.shiro.config.ReflectionBuilder.buildObjects(ReflectionBuilder.java:129)
	at org.apache.shiro.config.IniSecurityManagerFactory.buildInstances(IniSecurityManagerFactory.java:161)
	at org.apache.shiro.config.IniSecurityManagerFactory.createSecurityManager(IniSecurityManagerFactory.java:124)
	at org.apache.shiro.config.IniSecurityManagerFactory.createSecurityManager(IniSecurityManagerFactory.java:102)
	at org.apache.shiro.config.IniSecurityManagerFactory.createInstance(IniSecurityManagerFactory.java:88)
	at org.apache.shiro.config.IniSecurityManagerFactory.createInstance(IniSecurityManagerFactory.java:46)
	at org.apache.shiro.config.IniFactorySupport.createInstance(IniFactorySupport.java:123)
	at org.apache.shiro.util.AbstractFactory.getInstance(AbstractFactory.java:47)
	at org.apache.shiro.web.env.IniWebEnvironment.createWebSecurityManager(IniWebEnvironment.java:203)
	at org.apache.shiro.web.env.IniWebEnvironment.configure(IniWebEnvironment.java:99)
	at org.apache.shiro.web.env.IniWebEnvironment.init(IniWebEnvironment.java:92)
	at org.apache.shiro.util.LifecycleUtils.init(LifecycleUtils.java:45)
	at org.apache.shiro.util.LifecycleUtils.init(LifecycleUtils.java:40)
	at org.apache.shiro.web.env.EnvironmentLoader.createEnvironment(EnvironmentLoader.java:221)
	at org.apache.shiro.web.env.EnvironmentLoader.initEnvironment(EnvironmentLoader.java:133)
	at org.apache.shiro.web.env.EnvironmentLoaderListener.contextInitialized(EnvironmentLoaderListener.java:58)
	at org.apache.catalina.core.StandardContext.listenerStart(StandardContext.java:4745)
	at org.apache.catalina.core.StandardContext.startInternal(StandardContext.java:5207)
	at org.apache.catalina.util.LifecycleBase.start(LifecycleBase.java:150)
	at org.apache.catalina.core.ContainerBase.addChildInternal(ContainerBase.java:752)
	at org.apache.catalina.core.ContainerBase.addChild(ContainerBase.java:728)
	at org.apache.catalina.core.StandardHost.addChild(StandardHost.java:734)
	at org.apache.catalina.startup.HostConfig.deployWAR(HostConfig.java:952)
	at org.apache.catalina.startup.HostConfig$DeployWar.run(HostConfig.java:1823)
	at java.util.concurrent.Executors$RunnableAdapter.call(Executors.java:471)
	at java.util.concurrent.FutureTask.run(FutureTask.java:262)
	at java.util.concurrent.ThreadPoolExecutor.runWorker(ThreadPoolExecutor.java:1145)
	at java.util.concurrent.ThreadPoolExecutor$Worker.run(ThreadPoolExecutor.java:615)
	at java.lang.Thread.run(Thread.java:745)
Caused by: java.io.IOException: Resource [classpath:shiro-users.properties] could not be found.
	at org.apache.shiro.io.ResourceUtils.getInputStreamForPath(ResourceUtils.java:139)
	at org.apache.shiro.realm.text.PropertiesRealm.loadProperties(PropertiesRealm.java:228)
	... 36 more
2017-06-06 08:38:31,244 ERROR [ActiveMQ Transport Server Thread Handler: nio://127.0.0.1:34455] (TransportConnector.java:242) Could not accept connection : java.lang.InterruptedException
2017-06-06 08:39:29,578 INFO  [localhost-startStop-1] (StartupService.java:24) Webswing using Temp folder:/Users/caiomsouza/git/github.com/minerva-auto-mining/tomcat/temp/release
2017-06-06 08:39:29,580 INFO  [localhost-startStop-1] (StartupService.java:28) Webswing using Root folder:/Users/caiomsouza/git/github.com/minerva-auto-mining/tomcat/bin
2017-06-06 08:39:29,582 ERROR [localhost-startStop-1] (StartupService.java:41) StartupService failed to start due to following error
java.lang.RuntimeException: Path not specified.
	at org.webswing.server.handler.StartupService.getValidURI(StartupService.java:76)
	at org.webswing.server.handler.StartupService.validatePropertyFilePath(StartupService.java:47)
	at org.webswing.server.handler.StartupService.contextInitialized(StartupService.java:31)
	at org.apache.catalina.core.StandardContext.listenerStart(StandardContext.java:4745)
	at org.apache.catalina.core.StandardContext.startInternal(StandardContext.java:5207)
	at org.apache.catalina.util.LifecycleBase.start(LifecycleBase.java:150)
	at org.apache.catalina.core.ContainerBase.addChildInternal(ContainerBase.java:752)
	at org.apache.catalina.core.ContainerBase.addChild(ContainerBase.java:728)
	at org.apache.catalina.core.StandardHost.addChild(StandardHost.java:734)
	at org.apache.catalina.startup.HostConfig.deployWAR(HostConfig.java:952)
	at org.apache.catalina.startup.HostConfig$DeployWar.run(HostConfig.java:1823)
	at java.util.concurrent.Executors$RunnableAdapter.call(Executors.java:471)
	at java.util.concurrent.FutureTask.run(FutureTask.java:262)
	at java.util.concurrent.ThreadPoolExecutor.runWorker(ThreadPoolExecutor.java:1145)
	at java.util.concurrent.ThreadPoolExecutor$Worker.run(ThreadPoolExecutor.java:615)
	at java.lang.Thread.run(Thread.java:745)
2017-06-06 08:39:30,255 ERROR [localhost-startStop-1] (WebSwingPropertiesRealm.java:24) Users configuration file file:/Users/caiomsouza/git/github.com/minerva-auto-mining/tomcat/webapps/user.properties does not exist.
2017-06-06 08:39:30,334 ERROR [localhost-startStop-1] (EnvironmentLoader.java:146) Shiro environment initialization failed
org.apache.shiro.ShiroException: Error reading properties path [classpath:shiro-users.properties].  Initializing of the realm from this file failed.
	at org.apache.shiro.realm.text.PropertiesRealm.loadProperties(PropertiesRealm.java:246)
	at org.apache.shiro.realm.text.PropertiesRealm.loadProperties(PropertiesRealm.java:214)
	at org.apache.shiro.realm.text.PropertiesRealm.afterRoleCacheSet(PropertiesRealm.java:162)
	at org.apache.shiro.realm.text.PropertiesRealm.onInit(PropertiesRealm.java:158)
	at org.apache.shiro.realm.AuthenticatingRealm.init(AuthenticatingRealm.java:395)
	at org.apache.shiro.util.LifecycleUtils.init(LifecycleUtils.java:45)
	at org.apache.shiro.util.LifecycleUtils.init(LifecycleUtils.java:40)
	at org.apache.shiro.util.LifecycleUtils.init(LifecycleUtils.java:61)
	at org.apache.shiro.config.ReflectionBuilder.buildObjects(ReflectionBuilder.java:129)
	at org.apache.shiro.config.IniSecurityManagerFactory.buildInstances(IniSecurityManagerFactory.java:161)
	at org.apache.shiro.config.IniSecurityManagerFactory.createSecurityManager(IniSecurityManagerFactory.java:124)
	at org.apache.shiro.config.IniSecurityManagerFactory.createSecurityManager(IniSecurityManagerFactory.java:102)
	at org.apache.shiro.config.IniSecurityManagerFactory.createInstance(IniSecurityManagerFactory.java:88)
	at org.apache.shiro.config.IniSecurityManagerFactory.createInstance(IniSecurityManagerFactory.java:46)
	at org.apache.shiro.config.IniFactorySupport.createInstance(IniFactorySupport.java:123)
	at org.apache.shiro.util.AbstractFactory.getInstance(AbstractFactory.java:47)
	at org.apache.shiro.web.env.IniWebEnvironment.createWebSecurityManager(IniWebEnvironment.java:203)
	at org.apache.shiro.web.env.IniWebEnvironment.configure(IniWebEnvironment.java:99)
	at org.apache.shiro.web.env.IniWebEnvironment.init(IniWebEnvironment.java:92)
	at org.apache.shiro.util.LifecycleUtils.init(LifecycleUtils.java:45)
	at org.apache.shiro.util.LifecycleUtils.init(LifecycleUtils.java:40)
	at org.apache.shiro.web.env.EnvironmentLoader.createEnvironment(EnvironmentLoader.java:221)
	at org.apache.shiro.web.env.EnvironmentLoader.initEnvironment(EnvironmentLoader.java:133)
	at org.apache.shiro.web.env.EnvironmentLoaderListener.contextInitialized(EnvironmentLoaderListener.java:58)
	at org.apache.catalina.core.StandardContext.listenerStart(StandardContext.java:4745)
	at org.apache.catalina.core.StandardContext.startInternal(StandardContext.java:5207)
	at org.apache.catalina.util.LifecycleBase.start(LifecycleBase.java:150)
	at org.apache.catalina.core.ContainerBase.addChildInternal(ContainerBase.java:752)
	at org.apache.catalina.core.ContainerBase.addChild(ContainerBase.java:728)
	at org.apache.catalina.core.StandardHost.addChild(StandardHost.java:734)
	at org.apache.catalina.startup.HostConfig.deployWAR(HostConfig.java:952)
	at org.apache.catalina.startup.HostConfig$DeployWar.run(HostConfig.java:1823)
	at java.util.concurrent.Executors$RunnableAdapter.call(Executors.java:471)
	at java.util.concurrent.FutureTask.run(FutureTask.java:262)
	at java.util.concurrent.ThreadPoolExecutor.runWorker(ThreadPoolExecutor.java:1145)
	at java.util.concurrent.ThreadPoolExecutor$Worker.run(ThreadPoolExecutor.java:615)
	at java.lang.Thread.run(Thread.java:745)
Caused by: java.io.IOException: Resource [classpath:shiro-users.properties] could not be found.
	at org.apache.shiro.io.ResourceUtils.getInputStreamForPath(ResourceUtils.java:139)
	at org.apache.shiro.realm.text.PropertiesRealm.loadProperties(PropertiesRealm.java:228)
	... 36 more
2017-06-06 08:39:30,344 ERROR [ActiveMQ Transport Server Thread Handler: nio://127.0.0.1:34455] (TransportConnector.java:242) Could not accept connection : java.lang.InterruptedException
2017-06-06 08:40:47,984 INFO  [localhost-startStop-1] (StartupService.java:24) Webswing using Temp folder:/Users/caiomsouza/git/github.com/minerva-auto-mining/tomcat/temp/release
2017-06-06 08:40:47,986 INFO  [localhost-startStop-1] (StartupService.java:28) Webswing using Root folder:/Users/caiomsouza/git/github.com/minerva-auto-mining/tomcat/bin
2017-06-06 08:40:47,987 ERROR [localhost-startStop-1] (StartupService.java:41) StartupService failed to start due to following error
java.lang.RuntimeException: Path not specified.
	at org.webswing.server.handler.StartupService.getValidURI(StartupService.java:76)
	at org.webswing.server.handler.StartupService.validatePropertyFilePath(StartupService.java:47)
	at org.webswing.server.handler.StartupService.contextInitialized(StartupService.java:31)
	at org.apache.catalina.core.StandardContext.listenerStart(StandardContext.java:4745)
	at org.apache.catalina.core.StandardContext.startInternal(StandardContext.java:5207)
	at org.apache.catalina.util.LifecycleBase.start(LifecycleBase.java:150)
	at org.apache.catalina.core.ContainerBase.addChildInternal(ContainerBase.java:752)
	at org.apache.catalina.core.ContainerBase.addChild(ContainerBase.java:728)
	at org.apache.catalina.core.StandardHost.addChild(StandardHost.java:734)
	at org.apache.catalina.startup.HostConfig.deployWAR(HostConfig.java:952)
	at org.apache.catalina.startup.HostConfig$DeployWar.run(HostConfig.java:1823)
	at java.util.concurrent.Executors$RunnableAdapter.call(Executors.java:471)
	at java.util.concurrent.FutureTask.run(FutureTask.java:262)
	at java.util.concurrent.ThreadPoolExecutor.runWorker(ThreadPoolExecutor.java:1145)
	at java.util.concurrent.ThreadPoolExecutor$Worker.run(ThreadPoolExecutor.java:615)
	at java.lang.Thread.run(Thread.java:745)
2017-06-06 08:40:48,769 ERROR [localhost-startStop-1] (WebSwingPropertiesRealm.java:24) Users configuration file file:/Users/caiomsouza/git/github.com/minerva-auto-mining/tomcat/webapps/user.properties does not exist.
2017-06-06 08:40:48,845 ERROR [localhost-startStop-1] (EnvironmentLoader.java:146) Shiro environment initialization failed
org.apache.shiro.ShiroException: Error reading properties path [classpath:shiro-users.properties].  Initializing of the realm from this file failed.
	at org.apache.shiro.realm.text.PropertiesRealm.loadProperties(PropertiesRealm.java:246)
	at org.apache.shiro.realm.text.PropertiesRealm.loadProperties(PropertiesRealm.java:214)
	at org.apache.shiro.realm.text.PropertiesRealm.afterRoleCacheSet(PropertiesRealm.java:162)
	at org.apache.shiro.realm.text.PropertiesRealm.onInit(PropertiesRealm.java:158)
	at org.apache.shiro.realm.AuthenticatingRealm.init(AuthenticatingRealm.java:395)
	at org.apache.shiro.util.LifecycleUtils.init(LifecycleUtils.java:45)
	at org.apache.shiro.util.LifecycleUtils.init(LifecycleUtils.java:40)
	at org.apache.shiro.util.LifecycleUtils.init(LifecycleUtils.java:61)
	at org.apache.shiro.config.ReflectionBuilder.buildObjects(ReflectionBuilder.java:129)
	at org.apache.shiro.config.IniSecurityManagerFactory.buildInstances(IniSecurityManagerFactory.java:161)
	at org.apache.shiro.config.IniSecurityManagerFactory.createSecurityManager(IniSecurityManagerFactory.java:124)
	at org.apache.shiro.config.IniSecurityManagerFactory.createSecurityManager(IniSecurityManagerFactory.java:102)
	at org.apache.shiro.config.IniSecurityManagerFactory.createInstance(IniSecurityManagerFactory.java:88)
	at org.apache.shiro.config.IniSecurityManagerFactory.createInstance(IniSecurityManagerFactory.java:46)
	at org.apache.shiro.config.IniFactorySupport.createInstance(IniFactorySupport.java:123)
	at org.apache.shiro.util.AbstractFactory.getInstance(AbstractFactory.java:47)
	at org.apache.shiro.web.env.IniWebEnvironment.createWebSecurityManager(IniWebEnvironment.java:203)
	at org.apache.shiro.web.env.IniWebEnvironment.configure(IniWebEnvironment.java:99)
	at org.apache.shiro.web.env.IniWebEnvironment.init(IniWebEnvironment.java:92)
	at org.apache.shiro.util.LifecycleUtils.init(LifecycleUtils.java:45)
	at org.apache.shiro.util.LifecycleUtils.init(LifecycleUtils.java:40)
	at org.apache.shiro.web.env.EnvironmentLoader.createEnvironment(EnvironmentLoader.java:221)
	at org.apache.shiro.web.env.EnvironmentLoader.initEnvironment(EnvironmentLoader.java:133)
	at org.apache.shiro.web.env.EnvironmentLoaderListener.contextInitialized(EnvironmentLoaderListener.java:58)
	at org.apache.catalina.core.StandardContext.listenerStart(StandardContext.java:4745)
	at org.apache.catalina.core.StandardContext.startInternal(StandardContext.java:5207)
	at org.apache.catalina.util.LifecycleBase.start(LifecycleBase.java:150)
	at org.apache.catalina.core.ContainerBase.addChildInternal(ContainerBase.java:752)
	at org.apache.catalina.core.ContainerBase.addChild(ContainerBase.java:728)
	at org.apache.catalina.core.StandardHost.addChild(StandardHost.java:734)
	at org.apache.catalina.startup.HostConfig.deployWAR(HostConfig.java:952)
	at org.apache.catalina.startup.HostConfig$DeployWar.run(HostConfig.java:1823)
	at java.util.concurrent.Executors$RunnableAdapter.call(Executors.java:471)
	at java.util.concurrent.FutureTask.run(FutureTask.java:262)
	at java.util.concurrent.ThreadPoolExecutor.runWorker(ThreadPoolExecutor.java:1145)
	at java.util.concurrent.ThreadPoolExecutor$Worker.run(ThreadPoolExecutor.java:615)
	at java.lang.Thread.run(Thread.java:745)
Caused by: java.io.IOException: Resource [classpath:shiro-users.properties] could not be found.
	at org.apache.shiro.io.ResourceUtils.getInputStreamForPath(ResourceUtils.java:139)
	at org.apache.shiro.realm.text.PropertiesRealm.loadProperties(PropertiesRealm.java:228)
	... 36 more
2017-06-06 08:40:48,855 ERROR [ActiveMQ Transport Server Thread Handler: nio://127.0.0.1:34455] (TransportConnector.java:242) Could not accept connection : java.lang.InterruptedException
